0	1	66
0.981564175576	-0.054277835977	0.183263978313	-0.454639321212
0.055148498720	0.998478103544	0.000346167595	0.024835825200
-0.183003858742	0.009766947564	0.983063677704	0.102600570263
0.000000000000	0.000000000000	0.000000000000	1.000000000000
0	2	66
0.843123282847	-0.025861375509	0.537098053597	-0.683565283491
0.079654538195	0.993829652006	-0.077186639640	0.007171166321
-0.531787819027	0.107860150430	0.839980894714	0.130506040095
0.000000000000	0.000000000000	0.000000000000	1.000000000000
0	5	66
0.400164096649	0.012180212070	0.916362558263	-0.988175149909
0.231069947367	0.966264908458	-0.113748872989	0.045866255754
-0.886834468870	0.257262063112	0.383850043255	0.036562993190
0.000000000000	0.000000000000	0.000000000000	1.000000000000
0	6	66
0.697192201050	-0.129747258574	0.705045164289	-0.863395050595
0.217003397099	0.975541019283	-0.035060595309	0.045694900661
-0.683251462086	0.177441169373	0.708295186324	0.224383435827
0.000000000000	0.000000000000	0.000000000000	1.000000000000
0	7	66
0.694396083506	0.006521085253	0.719563447278	-0.747638288206
-0.001768186196	0.999971381305	-0.007355956002	-0.150572165263
-0.719590823127	0.003835624884	0.694387741289	0.464884378421
0.000000000000	0.000000000000	0.000000000000	1.000000000000
0	34	66
0.614514593000	0.409951770761	-0.674026231418	0.748280908314
-0.259680159936	0.911881225924	0.317866079259	-0.243329500412
0.744941628267	-0.020302104748	0.666820661810	0.562981411746
0.000000000000	0.000000000000	0.000000000000	1.000000000000
0	35	66
0.871616748018	0.278939923298	-0.403084065383	1.009745116924
-0.204486414196	0.954245473565	0.218176264955	-0.242512169158
0.445499215470	-0.107740871405	0.888775761171	0.572700414333
0.000000000000	0.000000000000	0.000000000000	1.000000000000
0	36	66
0.987508744582	0.092014020172	-0.127905822640	0.935128582471
-0.074244848035	0.987735870457	0.137351930285	-0.174219296191
0.138975472346	-0.126139883877	0.982229376359	0.428348215848
0.000000000000	0.000000000000	0.000000000000	1.000000000000
0	37	66
0.991363784485	0.119088732289	-0.054915577502	1.031649374230
-0.109872876730	0.982872054180	0.147954303994	-0.142090657307
0.071594676966	-0.140642806261	0.987468380900	0.390644019945
0.000000000000	0.000000000000	0.000000000000	1.000000000000
0	38	66
0.981122404233	-0.019532636342	0.192398815042	0.733616504857
-0.004934288224	0.992033854291	0.125874877321	-0.115917784343
-0.193324806251	-0.124448013478	0.973210260545	0.365685998804
0.000000000000	0.000000000000	0.000000000000	1.000000000000
0	45	66
0.806732940326	-0.141654587055	0.573686273986	0.277839734583
0.275844731189	0.948848496765	-0.153610593585	-0.308198105570
-0.522581713485	0.282171061863	0.804542009207	0.052950780677
0.000000000000	0.000000000000	0.000000000000	1.000000000000
0	46	66
0.860808429466	-0.089576243589	0.500983976135	0.244821963351
0.141629485940	0.987666202610	-0.066757478484	-0.066678997360
-0.488825057124	0.128419503213	0.862878030038	0.242259612658
0.000000000000	0.000000000000	0.000000000000	1.000000000000
0	47	66
0.759668948105	-0.345705285847	0.550809354153	-0.175051876251
0.232267412485	0.935366029546	0.266725026701	0.003716175599
-0.607416610229	-0.074687657006	0.790864599985	0.354436656157
0.000000000000	0.000000000000	0.000000000000	1.000000000000
0	48	66
0.676448583525	-0.445799006842	0.586242747798	-0.611012235883
0.213727924252	0.880564588068	0.422996903813	0.043334821682
-0.704796203340	-0.160839210825	0.690936364667	0.302266716028
0.000000000000	0.000000000000	0.000000000000	1.000000000000
0	49	66
0.725103441815	-0.348626099640	0.593872748422	-0.630622651920
0.208742984978	0.933083205226	0.292885811106	-0.079722742198
-0.656240325559	-0.088405739489	0.749355096289	0.563353371489
0.000000000000	0.000000000000	0.000000000000	1.000000000000
1	2	66
0.942443732684	-0.003676586389	0.334344572913	-0.152501993875
0.039955757695	0.994012815300	-0.101695921488	0.003746173269
-0.331968896361	0.109201674588	0.936948048782	-0.037353613539
0.000000000000	0.000000000000	0.000000000000	1.000000000000
1	3	66
0.699225056870	-0.166209557682	0.695311946381	-0.175776245926
0.245338282581	0.969321332409	-0.015009384972	0.078615923525
-0.671485999069	0.181081576844	0.718551331209	-0.010590108255
0.000000000000	0.000000000000	0.000000000000	1.000000000000
1	5	66
0.603780451494	-0.012797886638	0.797047916057	-0.298240197552
0.231579748550	0.959564846436	-0.160019141184	0.074872512389
-0.762771254345	0.281196585295	0.582330227589	-0.183161061564
0.000000000000	0.000000000000	0.000000000000	1.000000000000
1	6	66
0.823310444438	-0.112000605681	0.556431286330	-0.390880768974
0.195394771115	0.976344285821	-0.092588978636	0.107481752533
-0.532898485174	0.184953236984	0.825718780596	0.054340710555
0.000000000000	0.000000000000	0.000000000000	1.000000000000
1	7	66
0.828924402488	0.053709746908	0.556776075318	-0.286845786556
-0.006895643378	0.996284980790	-0.085841057507	-0.047788546700
-0.559318142976	0.067316418046	0.826215295670	0.294360753484
0.000000000000	0.000000000000	0.000000000000	1.000000000000
1	34	66
0.438213741569	0.452468145887	-0.776686097248	1.125082821366
-0.317444637529	0.886292625996	0.337215484831	-0.266010618162
0.840950425890	0.098782377292	0.532019194327	0.679553695741
0.000000000000	0.000000000000	0.000000000000	1.000000000000
1	35	66
0.753642399305	0.339831345554	-0.562616912783	1.371519077822
-0.240393818000	0.939177899163	0.245266561094	-0.328010012628
0.611746635657	-0.049593651837	0.789497639933	0.748435900649
0.000000000000	0.000000000000	0.000000000000	1.000000000000
1	36	66
0.937800201576	0.156850475283	-0.309723603116	1.332380422312
-0.118974846507	0.983299116367	0.137723758482	-0.248508207837
0.326152982237	-0.092308050326	0.940799370760	0.581934914641
0.000000000000	0.000000000000	0.000000000000	1.000000000000
1	37	66
0.950473516468	0.203622486997	-0.234814772281	1.412783937924
-0.169773024344	0.972973242344	0.156525365001	-0.241705835801
0.260340574436	-0.108908000038	0.959354904522	0.573229761909
0.000000000000	0.000000000000	0.000000000000	1.000000000000
1	38	66
0.990358682275	0.114973244193	-0.077271169020	1.295125064358
-0.104012596511	0.985591082761	0.133385146658	-0.248288693101
0.091493498179	-0.124061963154	0.988047351643	0.547977619556
0.000000000000	0.000000000000	0.000000000000	1.000000000000
1	45	66
0.929812099521	-0.104579143014	0.352863518136	0.819582592084
0.197246124546	0.951054188016	-0.237886312781	-0.269371256012
-0.310714379996	0.290790533380	0.904929521985	0.094703942817
0.000000000000	0.000000000000	0.000000000000	1.000000000000
1	46	66
0.914533683417	-0.073811334211	0.397718529664	0.505525327079
0.107473240015	0.992210668840	-0.062988025213	-0.166163697505
-0.389971338147	0.100348769706	0.915342820938	0.261141866784
0.000000000000	0.000000000000	0.000000000000	1.000000000000
1	47	66
0.840586132313	-0.303178338005	0.448885118408	0.114111902144
0.209560656237	0.946181133726	0.246628452411	-0.036528420943
-0.499499034554	-0.113243796942	0.858880991135	0.322820952651
0.000000000000	0.000000000000	0.000000000000	1.000000000000
1	48	66
0.812436520964	-0.344964008290	0.470049712677	-0.174072819860
0.164651228422	0.909120649822	0.382608961011	0.051781240000
-0.559318221036	-0.233451230562	0.795401565605	0.170683963708
0.000000000000	0.000000000000	0.000000000000	1.000000000000
1	49	66
0.828448991221	-0.292722059978	0.477478862933	-0.311967514543
0.182812858441	0.947181912243	0.263487919854	-0.083002216773
-0.529388069127	-0.130997025624	0.838205256213	0.439519545476
0.000000000000	0.000000000000	0.000000000000	1.000000000000
2	3	66
0.871705912032	-0.206707646936	0.444298043689	-0.115475809923
0.187117684631	0.978382026695	0.088065781878	0.035050782620
-0.452897090989	0.006368558510	0.891540053187	-0.005860050899
0.000000000000	0.000000000000	0.000000000000	1.000000000000
2	5	66
0.821635109383	-0.076213367984	0.564895804170	-0.134740819571
0.149596632705	0.985114343054	-0.084679268971	0.027641685659
-0.550033266732	0.154081970557	0.820805794227	-0.182639656360
0.000000000000	0.000000000000	0.000000000000	1.000000000000
2	6	66
0.966528553412	-0.140501717750	0.214666771411	-0.172808743198
0.141236751948	0.989903243352	0.011989524657	0.077621052219
-0.214183882068	0.018730619622	0.976613756073	-0.011730209019
0.000000000000	0.000000000000	0.000000000000	1.000000000000
2	7	66
0.964185631400	0.054391754902	0.259591227127	-0.257659964866
-0.057859491979	0.998308290145	0.005730359180	-0.016465176774
-0.258840389798	-0.020544946508	0.965701588371	0.258367872052
0.000000000000	0.000000000000	0.000000000000	1.000000000000
2	8	66
0.987849229762	-0.056670632968	0.144714680033	-0.538678772653
0.046179910063	0.996124762918	0.074852338696	-0.195361623677
-0.148395805752	-0.067259914219	0.986638124529	0.751670375988
0.000000000000	0.000000000000	0.000000000000	1.000000000000
2	35	66
0.507483397700	0.352487391690	-0.786265374895	1.169310416149
-0.173939915514	0.935621125444	0.307177498220	-0.216217917434
0.843922690090	-0.019124547613	0.536123814831	1.263437877819
0.000000000000	0.000000000000	0.000000000000	1.000000000000
2	36	66
0.777043246816	0.198377023698	-0.597369524705	1.172148819469
-0.083165662199	0.973074704021	0.214963003853	-0.140179921709
0.623928894353	-0.117354918360	0.772619283948	1.076254227252
0.000000000000	0.000000000000	0.000000000000	1.000000000000
2	37	66
0.796436816739	0.276068262341	-0.538028541502	1.271636574059
-0.140779765083	0.949911329243	0.279015276140	-0.227699141075
0.588106669480	-0.146474506670	0.795409180365	1.149153385524
0.000000000000	0.000000000000	0.000000000000	1.000000000000
2	38	66
0.913022014529	0.169296133896	-0.371119414788	1.115911929244
-0.093129688449	0.972291408443	0.214420797024	-0.140614574909
0.397136830468	-0.161208672580	0.903489956652	1.015583160090
0.000000000000	0.000000000000	0.000000000000	1.000000000000
2	45	66
0.983120953816	-0.179121555809	0.037264707334	0.852171264090
0.182602379583	0.973319459533	-0.138944595671	-0.237741762771
-0.011382492654	0.143403967657	0.989598777748	0.452212125995
0.000000000000	0.000000000000	0.000000000000	1.000000000000
2	46	66
0.993574036688	-0.099832653268	0.053329869319	0.557186175239
0.099135248965	0.994952103509	0.015572865379	-0.065095566114
-0.054615346128	-0.010185924845	0.998455512731	0.493579919894
0.000000000000	0.000000000000	0.000000000000	1.000000000000
2	47	66
0.962874782183	-0.215549043635	0.162513887483	0.094235036035
0.153967636110	0.933009221262	0.325250303722	0.027372911921
-0.221734347514	-0.288153436261	0.931558627411	0.410530018911
0.000000000000	0.000000000000	0.000000000000	1.000000000000
2	48	66
0.948451631195	-0.245043244432	0.200980873823	-0.131067762937
0.130857450911	0.880379560217	0.455859800261	0.117985672900
-0.288644817770	-0.406061126323	0.867063164287	0.144976355006
0.000000000000	0.000000000000	0.000000000000	1.000000000000
2	49	66
0.961058286811	-0.215335053067	0.173198684385	-0.309154118224
0.142250249517	0.922822133046	0.358000247588	-0.047187128275
-0.236921581677	-0.319421548555	0.917517323245	0.391985285580
0.000000000000	0.000000000000	0.000000000000	1.000000000000
3	4	66
0.949420739436	-0.006011572131	0.313949232407	0.017123559251
0.025829136944	0.997923655053	-0.059001986151	-0.012574274357
-0.312942670810	0.064126747037	0.947604688201	-0.037011731477
0.000000000000	0.000000000000	0.000000000000	1.000000000000
3	5	66
0.997612317991	0.051147083629	0.046407314390	0.200845859446
-0.042397646300	0.983995200262	-0.173077686168	-0.075577188573
-0.054516993506	0.170696870789	0.983814248587	-0.109153712850
0.000000000000	0.000000000000	0.000000000000	1.000000000000
3	6	66
0.960510562170	0.034568566597	-0.276087801546	0.030444496671
-0.045777337528	0.998364151001	-0.034255763960	0.078143248702
0.274451990935	0.045541587577	0.960521768870	-0.015636706779
0.000000000000	0.000000000000	0.000000000000	1.000000000000
3	7	66
0.946469689655	0.201678514516	-0.252033536157	-0.133084135169
-0.219139430839	0.974748072748	-0.042943038148	-0.015312868931
0.237008515494	0.095874769654	0.966765220789	0.204313250576
0.000000000000	0.000000000000	0.000000000000	1.000000000000
3	38	66
0.580712048727	0.363586642099	-0.728408038225	0.667111835995
-0.232862335715	0.931530927048	0.279330028027	-0.385926500486
0.780095282045	0.007408484288	0.625616867812	1.544355538591
0.000000000000	0.000000000000	0.000000000000	1.000000000000
3	39	66
0.911772679913	0.148524522749	-0.382898219253	0.494562153506
-0.085875141603	0.980654801661	0.175902302528	-0.420488345077
0.401616782791	-0.127501474981	0.906888821002	1.527783104296
0.000000000000	0.000000000000	0.000000000000	1.000000000000
3	43	66
0.903212504355	-0.127471424542	0.409827046328	0.994719310281
0.146094823960	0.989167104563	-0.014308796712	-0.271909870770
-0.403563470088	0.072797494300	0.912051013066	0.812062212109
0.000000000000	0.000000000000	0.000000000000	1.000000000000
3	45	66
0.880614376414	-0.056770873140	-0.470420437499	0.657742518444
-0.014896160294	0.988988986526	-0.147237525579	-0.438923913235
0.473599434609	0.136666940015	0.870072251623	0.861441637396
0.000000000000	0.000000000000	0.000000000000	1.000000000000
3	46	66
0.905009728826	0.095562073716	-0.414518130842	0.353837061364
-0.096473224362	0.995158142384	0.018793313398	-0.246949491228
0.414307021074	0.022981769177	0.909846981956	0.759216210459
0.000000000000	0.000000000000	0.000000000000	1.000000000000
3	47	66
0.963448749423	0.103333147482	-0.247161420668	0.048754931731
-0.026117783716	0.954449471197	0.297227300740	-0.046936624008
0.266616519760	-0.279907962665	0.922261982209	0.469860371170
0.000000000000	0.000000000000	0.000000000000	1.000000000000
3	48	66
0.980289388378	0.130894752085	-0.147984049512	-0.047038621128
-0.057821890907	0.906316411339	0.418625359325	0.065268609362
0.188916235314	-0.401817279886	0.896020942624	0.150303174484
0.000000000000	0.000000000000	0.000000000000	1.000000000000
4	5	66
0.959853866050	0.063920109322	-0.273120441294	0.030347200013
-0.092034053161	0.991553615243	-0.091384687766	-0.145032618176
0.264972241729	0.112852327064	0.957629397726	0.039152846665
0.000000000000	0.000000000000	0.000000000000	1.000000000000
4	39	66
0.768591436688	0.261601449166	-0.583808089397	0.283996063990
-0.254627132422	0.962265812675	0.095966291951	0.017288846731
0.586883486635	0.074894509483	0.806200090278	1.540932097804
0.000000000000	0.000000000000	0.000000000000	1.000000000000
4	40	66
0.997477019094	-0.018075780646	-0.068650291581	-0.128124054692
0.031525068229	0.979244351830	0.200216556464	-0.336376534059
0.063606339726	-0.201875619041	0.977343577246	1.499062010861
0.000000000000	0.000000000000	0.000000000000	1.000000000000
4	41	66
0.905864724982	-0.209816701919	0.367948436101	-0.061710670029
0.132678058492	0.965530997374	0.223933976664	-0.343133454999
-0.402250708922	-0.154035206058	0.902478544048	1.333253718533
0.000000000000	0.000000000000	0.000000000000	1.000000000000
4	42	66
0.929900509753	-0.080926193479	0.358797983788	-0.152133092183
0.152095860917	0.972789613534	-0.174777621258	-0.312365386527
-0.334890864392	0.217097487341	0.916906096575	1.212225679113
0.000000000000	0.000000000000	0.000000000000	1.000000000000
4	43	66
0.984962940510	-0.112700522603	0.130945019097	-0.006364032082
0.107994350494	0.993241591903	0.042524820689	-0.241812132555
-0.134852608735	-0.027744050143	0.990477178737	1.165262706218
0.000000000000	0.000000000000	0.000000000000	1.000000000000
4	45	66
-0.702763277597	0.068257555660	0.708141710222	-1.538409817395
0.279608698765	0.941785328638	0.186706642457	-1.173931046556
-0.654173334244	0.329213154139	-0.680937550665	5.073597178071
0.000000000000	0.000000000000	0.000000000000	1.000000000000
4	46	66
-0.682208572376	0.302802118554	-0.665509083917	1.613437007684
-0.168612126891	0.820525013924	0.546176392927	-1.411982758805
0.711450219230	0.484819119389	-0.508713089111	4.362097669674
0.000000000000	0.000000000000	0.000000000000	1.000000000000
4	47	66
-0.931058101437	0.007186873583	0.364800165292	-0.398128572797
0.278909088310	0.658630071739	0.698867762212	-1.371009756639
-0.235245684779	0.752432573357	-0.615227348501	5.903112928410
0.000000000000	0.000000000000	0.000000000000	1.000000000000
4	48	66
-0.690836662582	-0.299928937786	-0.657865744595	1.665132600726
0.345107109735	0.662762925226	-0.664564810802	2.526329198508
0.635331243087	-0.686139881675	-0.354353318501	2.873892021647
0.000000000000	0.000000000000	0.000000000000	1.000000000000
5	6	66
0.936388373758	0.010960139895	-0.350794368291	-0.129338118981
0.040922311790	0.989285045368	0.140144437666	0.094790303506
0.348571625192	-0.145584938591	0.925906500553	0.099231752899
0.000000000000	0.000000000000	0.000000000000	1.000000000000
5	7	66
0.926455324925	0.215652818687	-0.308503472769	-0.374314781444
-0.179442395291	0.973518532997	0.141640716901	0.016631532917
0.330879068074	-0.075865194290	0.940618687145	0.299299676492
0.000000000000	0.000000000000	0.000000000000	1.000000000000
5	38	66
0.489136055738	0.424949106289	-0.761685089812	0.312094194187
-0.095915805301	0.894194806326	0.437282296271	-0.193924530116
0.866917572362	-0.140832898867	0.478142256370	1.799501830434
0.000000000000	0.000000000000	0.000000000000	1.000000000000
5	39	66
-0.639683603222	0.332340647633	-0.693076173086	0.254889466434
0.630274482331	0.742906941586	-0.225484706945	1.738625744815
0.439953366496	-0.581067096017	-0.684691218897	4.009661593124
0.000000000000	0.000000000000	0.000000000000	1.000000000000
5	43	66
0.915655789215	-0.182632199042	0.358078141680	0.293419842472
0.141020108210	0.980156756457	0.139305641853	0.064564345324
-0.376414405618	-0.077059799146	0.923241020860	1.075037832438
0.000000000000	0.000000000000	0.000000000000	1.000000000000
5	45	66
0.831476773574	-0.104144646662	-0.545710791151	0.460053175707
0.116991307498	0.993069051181	-0.011264704036	-0.185551938486
0.543101656209	-0.054477079205	0.837897868994	1.135087614929
0.000000000000	0.000000000000	0.000000000000	1.000000000000
5	46	66
0.855430376151	0.083395767717	-0.511159483415	0.183009936063
0.005473369884	0.985440161370	0.169934489085	-0.057555658101
0.517888901001	-0.148164888841	0.842518992032	0.972310421054
0.000000000000	0.000000000000	0.000000000000	1.000000000000
5	47	66
0.935657323838	0.110107999554	-0.335293305605	-0.134213310739
0.059479285592	0.887289965482	0.457360614548	0.062063298942
0.347861447899	-0.447875814918	0.823650209420	0.617579759863
0.000000000000	0.000000000000	0.000000000000	1.000000000000
5	48	66
0.951058678350	0.151538438616	-0.269301860293	-0.129258336221
0.030321896489	0.821526320764	0.569363756210	0.128991668221
0.307519061082	-0.549664084614	0.776724804005	0.302923947402
0.000000000000	0.000000000000	0.000000000000	1.000000000000
5	49	66
0.935603089263	0.142872097990	-0.322853562746	-0.428189590708
0.023858589667	0.886783964337	0.461567945479	0.068321434471
0.352246543008	-0.439547226371	0.826269089782	0.381483244384
0.000000000000	0.000000000000	0.000000000000	1.000000000000
6	7	66
0.977933309324	0.205127707279	0.039611440532	-0.140864851716
-0.203930874204	0.978454128048	-0.032244656171	-0.032229613562
-0.045372249899	0.023455127621	0.998694756133	0.239030876323
0.000000000000	0.000000000000	0.000000000000	1.000000000000
6	35	66
0.251288499108	0.481333610587	-0.839745226563	1.021180639498
-0.252141786316	0.870182613995	0.423328168085	-0.461027512584
0.934493771948	0.105357361488	0.340031199408	1.590817413141
0.000000000000	0.000000000000	0.000000000000	1.000000000000
6	36	66
0.580920246423	0.363350978913	-0.728359618196	1.067427808573
-0.176990374766	0.929811251668	0.322684743227	-0.409894321110
0.794484785591	-0.058541458763	0.604455807375	1.394418648638
0.000000000000	0.000000000000	0.000000000000	1.000000000000
6	37	66
0.633278139238	0.404651206071	-0.659709178190	1.130887362606
-0.231834446961	0.912463664131	0.337139215819	-0.420560956458
0.738384444287	-0.060559582777	0.671655379915	1.410595644537
0.000000000000	0.000000000000	0.000000000000	1.000000000000
6	38	66
0.792580394827	0.311016217471	-0.524485681603	1.012478454533
-0.194741378035	0.944203971614	0.265621263588	-0.331314156523
0.577833984305	-0.108387141574	0.808925283400	1.255664085740
0.000000000000	0.000000000000	0.000000000000	1.000000000000
6	39	66
-0.323575524596	0.442053854174	-0.836592654697	1.393540853012
-0.126799843449	0.855925032273	0.501312416393	-0.651322741882
0.937667680782	0.268292245767	-0.220904031827	2.765571143671
0.000000000000	0.000000000000	0.000000000000	1.000000000000
6	44	66
0.927629991179	-0.343740439535	0.146099656719	-0.413484276524
0.316406099854	0.931070020451	0.181647452479	-0.095990545507
-0.198468585525	-0.122274802168	0.972450046694	-0.838448954728
0.000000000000	0.000000000000	0.000000000000	1.000000000000
6	45	66
0.982432755141	-0.086401424284	-0.165410626949	0.804297595750
0.056681924964	0.982644706016	-0.176625426035	-0.319718756431
0.177800565264	0.164146811182	0.970279744904	0.606738499206
0.000000000000	0.000000000000	0.000000000000	1.000000000000
6	46	66
0.986985411079	0.062279213863	-0.148260236877	0.535401639034
-0.057221767429	0.997632681152	0.038140566726	-0.263821854449
0.150284622136	-0.029160470136	0.988212628603	0.642012331633
0.000000000000	0.000000000000	0.000000000000	1.000000000000
6	47	66
0.999678972776	-0.022469559481	-0.011707702046	0.190375474157
0.025025078170	0.947902005468	0.317577602315	-0.078214918703
0.003961925424	-0.317768637418	0.948160005601	0.469813057126
0.000000000000	0.000000000000	0.000000000000	1.000000000000
6	48	66
0.996123680121	-0.026064353745	0.084013471335	-0.013189134137
-0.013998707596	0.895948246474	0.443937806258	0.016230654930
-0.086842674346	-0.443393041334	0.892110397209	0.161918590848
0.000000000000	0.000000000000	0.000000000000	1.000000000000
6	49	66
0.999618041738	0.008689476142	0.026234779149	-0.229335318778
-0.017165949102	0.939180224142	0.342995388850	-0.094950232486
-0.021658735513	-0.343314723811	0.938970659600	0.361876955124
0.000000000000	0.000000000000	0.000000000000	1.000000000000
7	37	66
0.630077609267	0.216848549823	-0.745639935049	1.266719319404
-0.107572766163	0.975333958559	0.192747942304	-0.070197749330
0.769045061281	-0.041235612303	0.637863087188	1.228824845348
0.000000000000	0.000000000000	0.000000000000	1.000000000000
7	38	66
0.778617322553	0.138918403322	-0.611928706827	1.149338963464
-0.027897952893	0.981885955022	0.187407778798	-0.076589103238
0.626878592109	-0.128847384717	0.768388952424	1.098639036606
0.000000000000	0.000000000000	0.000000000000	1.000000000000
7	39	66
-0.420421676688	0.334770573543	-0.843311494562	1.606325915873
-0.304704536379	0.823372534901	0.478761751062	-0.785715449835
0.854634868982	0.458242656089	-0.244157549258	3.103139142932
0.000000000000	0.000000000000	0.000000000000	1.000000000000
7	44	66
-0.796089072736	0.509770055830	-0.326154378246	-0.175821482898
-0.192987546008	-0.724644597349	-0.661548195235	2.467339234330
-0.573583468517	-0.463707556237	0.675260917670	-0.340235654380
0.000000000000	0.000000000000	0.000000000000	1.000000000000
7	45	66
0.931677899847	-0.304349502185	-0.198362474920	1.031674082138
0.260411110998	0.940220698654	-0.219479135890	-0.007124501807
0.253302870504	0.152828067912	0.955238837910	0.436395137428
0.000000000000	0.000000000000	0.000000000000	1.000000000000
7	46	66
0.968377666589	-0.163165416656	-0.188737229130	0.683060863164
0.167708109905	0.985802224414	0.008244040979	-0.021428138323
0.184712437925	-0.039636109132	0.981993021426	0.427247508278
0.000000000000	0.000000000000	0.000000000000	1.000000000000
7	47	66
0.976877724003	-0.179940331126	-0.115461636834	0.323148821242
0.208730282189	0.919577149034	0.332880663708	0.015235271267
0.046277225970	-0.349284045167	0.935873428487	0.250392023507
0.000000000000	0.000000000000	0.000000000000	1.000000000000
7	48	66
0.983491701491	-0.176750319635	-0.038773671578	0.097237060216
0.173080113382	0.856334365696	0.486553931728	0.025751892614
-0.052795335496	-0.485232705655	0.872789707726	-0.064011370624
0.000000000000	0.000000000000	0.000000000000	1.000000000000
7	49	66
0.979061273687	-0.180384372685	-0.094342463704	-0.076098071573
0.201547929614	0.924061543517	0.324790233630	0.008516976101
0.028591160082	-0.337004068054	0.941068968610	0.102412323576
0.000000000000	0.000000000000	0.000000000000	1.000000000000
8	37	66
0.685424558572	0.333311526119	-0.647376707229	1.748645200741
-0.205510891771	0.941486413948	0.267149032778	-0.185991084716
0.698540226379	-0.050067543450	0.713817058652	0.680867435065
0.000000000000	0.000000000000	0.000000000000	1.000000000000
8	38	66
0.838737366595	0.236853727217	-0.490326362518	1.600736983442
-0.143332168162	0.964722184585	0.220832506983	-0.136702368010
0.525333721977	-0.114940934719	0.843097302854	0.519864867497
0.000000000000	0.000000000000	0.000000000000	1.000000000000
8	39	66
0.999501946151	0.015184725686	-0.027663762320	1.365601547998
-0.009929884429	0.983426438638	0.181035458358	-0.253406629528
0.029954249032	-0.180670594988	0.983087421887	0.584945932912
0.000000000000	0.000000000000	0.000000000000	1.000000000000
8	44	66
0.984681359751	-0.094765250706	0.146363134079	1.343853208508
0.094819342049	0.995472465016	0.006622972815	-0.086454562519
-0.146328097549	0.007356538197	0.989208759167	-0.120428583851
0.000000000000	0.000000000000	0.000000000000	1.000000000000
8	45	66
0.982407170147	-0.125797270464	-0.138026080096	1.428852657007
0.095118296657	0.973091740028	-0.209868947512	-0.127853434173
0.160712979202	0.193047953194	0.967937924706	-0.092417532805
0.000000000000	0.000000000000	0.000000000000	1.000000000000
8	46	66
0.995346968629	0.003205135381	-0.096302332000	1.081168403565
-0.003899371221	0.999967745581	-0.007021588261	-0.049333994479
0.096276720683	0.007364435133	0.995327362303	-0.071748355665
0.000000000000	0.000000000000	0.000000000000	1.000000000000
8	47	66
0.992215524136	-0.118987822511	0.036745771965	0.691044848642
0.102997741912	0.949954545298	0.294920034972	0.097932961062
-0.069998705875	-0.288839505541	0.954815124103	-0.217133269410
0.000000000000	0.000000000000	0.000000000000	1.000000000000
8	48	66
0.986422524791	-0.121123441284	0.110904078176	0.475727306394
0.067498319525	0.914648742943	0.398574527402	0.270559365864
-0.149714994057	-0.385677052732	0.910405751053	-0.503712614681
0.000000000000	0.000000000000	0.000000000000	1.000000000000
8	49	66
0.992540581513	-0.103958221729	0.063685808350	0.272391005749
0.081109220716	0.953072522308	0.291674581573	0.137033238854
-0.091019164823	-0.284333352521	0.954395125867	-0.317700201876
0.000000000000	0.000000000000	0.000000000000	1.000000000000
8	50	66
0.996652783089	0.001974510531	0.081727175834	0.014077598045
0.001912178954	0.998871722071	-0.047451305767	-0.037738817097
-0.081728657968	0.047448752940	0.995524506133	0.044959481556
0.000000000000	0.000000000000	0.000000000000	1.000000000000
8	51	66
0.999417010681	0.025960606604	-0.022173986234	-0.285550326071
-0.026757811742	0.998977328595	-0.036446076104	-0.083280455784
0.021205147288	0.037018155781	0.999089584507	0.249811304607
0.000000000000	0.000000000000	0.000000000000	1.000000000000
9	10	66
0.998370746100	-0.056916395616	-0.004046880413	-0.421473716285
0.056454693016	0.974986994370	0.214972622552	-0.070369331424
-0.008289811061	-0.214850842959	0.976611690649	0.547191545443
0.000000000000	0.000000000000	0.000000000000	1.000000000000
9	51	66
0.997275670843	-0.017857397886	-0.071570592324	0.321975507594
0.028046718770	0.989180237852	0.143999439613	0.044353811405
0.068224760250	-0.145614458016	0.986986226705	-0.084367100786
0.000000000000	0.000000000000	0.000000000000	1.000000000000
9	52	66
0.989977582492	-0.111018060025	0.087289040045	-0.279564513915
0.096479114267	0.983025988927	0.156050266276	0.003955930946
-0.103131792741	-0.146064696086	0.983884616143	0.237398106535
0.000000000000	0.000000000000	0.000000000000	1.000000000000
9	53	66
0.979867112402	-0.104557435118	0.170082876253	-0.590506458023
0.082155970825	0.987595890422	0.133808645754	-0.030063474721
-0.181963838415	-0.117141367510	0.976302750957	0.576615401257
0.000000000000	0.000000000000	0.000000000000	1.000000000000
10	11	66
0.983065177659	-0.027893301226	-0.181121009883	0.154549331869
0.013615679449	0.996733951277	-0.079599269119	-0.110115598329
0.182749746231	0.075785184026	0.980234225139	0.411164931234
0.000000000000	0.000000000000	0.000000000000	1.000000000000
10	51	66
0.998195135736	0.035487698489	-0.048446818761	0.712224409555
-0.040011337365	0.994591868344	-0.095844187651	0.298977755923
0.044783522354	0.097609623912	0.994216675300	-0.602304248311
0.000000000000	0.000000000000	0.000000000000	1.000000000000
10	52	66
0.994640863372	-0.069854238376	0.076222951207	0.188092938825
0.075722651364	0.994149266046	-0.077028026661	0.168556584208
-0.070396256862	0.082387026902	0.994111032440	-0.275093191293
0.000000000000	0.000000000000	0.000000000000	1.000000000000
10	53	66
0.985808399060	-0.050372492069	0.160138728563	-0.139712680205
0.066171054252	0.993284797038	-0.094903654053	0.060996993205
-0.154282830937	0.104153367762	0.982521696484	0.032523376281
0.000000000000	0.000000000000	0.000000000000	1.000000000000
10	54	66
0.998738908494	0.002717698769	-0.050131893778	-0.088759637493
-0.013576620779	0.975950451297	-0.217569280875	-0.178556356264
0.048334956590	0.217975527814	0.974756585639	0.355702465940
0.000000000000	0.000000000000	0.000000000000	1.000000000000
11	12	66
0.939594175114	0.068160716516	-0.335435392909	0.119211685664
-0.145847173515	0.966284608622	-0.212185430976	-0.137740074278
0.309663346345	0.248290498941	0.917856437612	0.180204386212
0.000000000000	0.000000000000	0.000000000000	1.000000000000
11	52	66
0.968392113782	-0.045607596898	0.245227773855	-0.044989471969
0.042487633743	0.998934816515	0.018000925910	0.156639022773
-0.245787540253	-0.007012806853	0.969298357368	-0.687458180371
0.000000000000	0.000000000000	0.000000000000	1.000000000000
11	53	66
0.940901326343	-0.009235876058	0.338554859186	-0.358268183815
0.004027623160	0.999862546677	0.016083096830	0.032782672981
-0.338656865185	-0.013769035748	0.940809194958	-0.330289275070
0.000000000000	0.000000000000	0.000000000000	1.000000000000
11	54	66
0.991071179350	0.045086681198	0.125479514825	-0.239883839535
-0.026151590612	0.988544526293	-0.148646607243	-0.040544721129
-0.130744069734	0.144037879445	0.980897077942	-0.014542394854
0.000000000000	0.000000000000	0.000000000000	1.000000000000
11	55	66
0.992443833764	0.052691693787	-0.110809847172	-0.163812189966
-0.059742615018	0.996329692656	-0.061302230659	-0.104612946654
0.107173022610	0.067459090854	0.991949199448	-0.005398784936
0.000000000000	0.000000000000	0.000000000000	1.000000000000
12	52	66
0.791048812983	-0.216769857782	0.572059965593	-0.565329460768
0.080588029571	0.963891547481	0.253808302039	0.142311186297
-0.606421755025	-0.154673570630	0.779954320189	-0.768376127967
0.000000000000	0.000000000000	0.000000000000	1.000000000000
12	54	66
0.905308583262	-0.046851016636	0.422162707154	-0.371551015115
0.002052640782	0.994369139777	0.105951878349	0.021701494266
-0.424749521174	-0.095052596493	0.900307085478	-0.087944511160
0.000000000000	0.000000000000	0.000000000000	1.000000000000
12	55	66
0.976901609243	-0.051956265748	0.207277090648	-0.318152787264
0.019159559872	0.987381164859	0.157198430484	0.007669324505
-0.212828938642	-0.149596061882	0.965569708072	-0.098418875367
0.000000000000	0.000000000000	0.000000000000	1.000000000000
12	56	66
0.952643897083	0.066716939138	-0.296679044394	-0.193871940875
0.065787137734	0.907311864784	0.415279703971	0.068472412596
0.296886607746	-0.415131340727	0.859955994274	-0.057255843647
0.000000000000	0.000000000000	0.000000000000	1.000000000000
13	14	66
0.962852656060	0.050418077105	-0.265278684065	0.204155913664
-0.079105744467	0.991979101072	-0.098588763200	-0.064671500411
0.258180254688	0.115911520299	0.959118071747	0.104348833421
0.000000000000	0.000000000000	0.000000000000	1.000000000000
13	15	66
0.788431960527	0.206353488010	-0.579476730858	0.414249143408
-0.101297820899	0.972746646397	0.208573040934	-0.074580348684
0.606723821109	-0.105745921479	0.787847704185	0.290965655146
0.000000000000	0.000000000000	0.000000000000	1.000000000000
13	54	66
-0.652344464943	0.036903030721	-0.757023688785	1.729881941265
0.192122947767	-0.958140338762	-0.212263666648	1.508025817922
-0.733168106235	-0.283910650666	0.617947627586	0.273145175830
0.000000000000	0.000000000000	0.000000000000	1.000000000000
13	55	66
0.729532743613	-0.087462521250	0.678330511899	-0.603079008967
0.147941693135	0.988489361497	-0.031654978105	0.023447955028
-0.667753870396	0.123446707461	0.734074709405	0.031877489255
0.000000000000	0.000000000000	0.000000000000	1.000000000000
13	56	66
0.966219386134	-0.112948446589	0.231652209727	-0.523214634221
0.064473703689	0.976202467909	0.207055266008	0.073583698983
-0.249526029485	-0.185125336089	0.950507953963	0.040239506076
0.000000000000	0.000000000000	0.000000000000	1.000000000000
13	57	66
0.979637987257	0.030426780597	-0.198453079962	-0.410743485150
0.014429118388	0.975224003386	0.220748598553	-0.005531037363
0.200252876300	-0.219117215762	0.954927448182	0.241936333880
0.000000000000	0.000000000000	0.000000000000	1.000000000000
14	15	66
0.921984318051	0.116277609980	-0.369356785081	0.251582543339
-0.017078861494	0.965132932300	0.261202479851	0.048394597063
0.386850397128	-0.234516396885	0.891823317611	0.125680707486
0.000000000000	0.000000000000	0.000000000000	1.000000000000
14	18	66
0.390025008803	0.273022074966	-0.879397202116	0.740441613925
-0.031901282669	0.958464798715	0.283421131513	-0.051351012564
0.920251487732	-0.082487430591	0.382534995944	0.581384316373
0.000000000000	0.000000000000	0.000000000000	1.000000000000
14	56	66
0.852320438130	-0.230461426149	0.469507616341	-0.771778435831
0.077050425843	0.943218653847	0.323112678354	0.090603417582
-0.517313350517	-0.239219777805	0.821681687324	0.142773111104
0.000000000000	0.000000000000	0.000000000000	1.000000000000
14	57	66
0.996717853515	-0.074572937677	0.031502340416	-0.546861479215
0.060815883106	0.946599327250	0.316624607401	0.068315185121
-0.053431721360	-0.313669556407	0.948027668655	0.280578691886
0.000000000000	0.000000000000	0.000000000000	1.000000000000
15	18	66
0.791150080558	0.188751868986	-0.581768237348	0.439573615594
-0.213853051824	0.976519589614	0.026006986101	-0.012894888678
0.573016947618	0.103837483862	0.812938715210	0.031408109971
0.000000000000	0.000000000000	0.000000000000	1.000000000000
15	56	66
0.592813862724	-0.337612501531	0.731156291754	-0.889262163535
0.313607613976	0.932996723470	0.176542851598	-0.084304481984
-0.741769498307	0.124639130308	0.658971242603	0.367416134806
0.000000000000	0.000000000000	0.000000000000	1.000000000000
15	57	66
0.899979779816	-0.198882472683	0.387920298491	-0.672699649952
0.178455618484	0.979968885928	0.088400083956	-0.102359292044
-0.397731050024	-0.010331731305	0.917443876853	0.433003620552
0.000000000000	0.000000000000	0.000000000000	1.000000000000
15	62	66
0.154649213559	0.471109610478	-0.868411973467	0.781182488229
-0.294098486078	0.861090575421	0.414763910444	-1.021898079968
0.943180630225	0.191255734126	0.271719603510	2.489906901401
0.000000000000	0.000000000000	0.000000000000	1.000000000000
16	17	66
0.994197561097	-0.054586114381	-0.092690698701	0.119058751556
0.044729181628	0.993436491529	-0.105276956687	0.004699591469
0.097828982514	0.100520114481	0.990113729207	-0.182721129229
0.000000000000	0.000000000000	0.000000000000	1.000000000000
16	61	66
0.735746650133	0.450463921973	-0.505726330954	0.670617196833
-0.126141371262	0.824807371399	0.551163455376	-0.919997616635
0.665406057438	-0.341723653099	0.663671397333	2.347015861095
0.000000000000	0.000000000000	0.000000000000	1.000000000000
17	18	66
0.933962651881	0.139743937423	-0.328915485869	0.167849668403
-0.013757448384	0.933753416641	0.357652470320	0.042941888523
0.357105723148	-0.329509011812	0.874013337215	0.188102199244
0.000000000000	0.000000000000	0.000000000000	1.000000000000
17	19	66
0.855087019324	0.189525547632	-0.482603622219	-0.108530588371
0.005674042573	0.927320289383	0.374225715497	-0.040289807142
0.518453464280	-0.322733865117	0.791864166181	0.055433251765
0.000000000000	0.000000000000	0.000000000000	1.000000000000
17	64	66
0.161621641665	0.424050093083	-0.891100422793	0.801143420940
0.070644431753	0.895683840516	0.439044214289	0.194882852330
0.984320988909	-0.133910329681	0.114805114856	2.327966135808
0.000000000000	0.000000000000	0.000000000000	1.000000000000
18	19	66
0.983551885079	0.043594194005	-0.175286153492	-0.298785613539
-0.044032683082	0.999029125700	0.001388820889	-0.036143775356
0.175176517198	0.006352342242	0.984516549160	-0.048420480344
0.000000000000	0.000000000000	0.000000000000	1.000000000000
18	20	66
0.940437944701	0.088926374863	-0.328128895435	-0.505327986555
-0.077756910395	0.995862321033	0.047032971764	0.073030498485
0.330953675084	-0.018717302178	0.943461354560	-0.186423490323
0.000000000000	0.000000000000	0.000000000000	1.000000000000
18	62	66
0.744791325032	0.289041564779	-0.601448963742	1.891465541766
-0.162883503474	0.952803877029	0.256190819926	-0.654447983212
0.647112699962	-0.092842585859	0.756720164789	1.706578179067
0.000000000000	0.000000000000	0.000000000000	1.000000000000
18	63	66
0.500585045003	0.396855440450	-0.769363615012	1.941828708150
-0.270127187828	0.915963983446	0.296717514524	-0.663286976971
0.822463321441	0.059293679379	0.565719315978	1.844825563300
0.000000000000	0.000000000000	0.000000000000	1.000000000000
18	64	66
0.472678221277	0.343496541242	-0.811532762916	1.418660239605
-0.193888079046	0.938875060005	0.284466227353	-0.533988040391
0.859641036674	0.022885538126	0.510385677905	1.821355348880
0.000000000000	0.000000000000	0.000000000000	1.000000000000
19	20	66
0.989465664702	0.044557776420	-0.137739983068	-0.289128595688
-0.035914440432	0.997263930428	0.064612738954	0.035086016456
0.140242116868	-0.058985232281	0.988358685412	-0.088516428893
0.000000000000	0.000000000000	0.000000000000	1.000000000000
19	21	66
0.994720676454	0.024266413243	-0.099709162185	-0.654966664108
-0.010152661503	0.990143523398	0.139687961320	0.083044437301
0.102116106955	-0.137938190004	0.985162604060	-0.304461301546
0.000000000000	0.000000000000	0.000000000000	1.000000000000
19	64	66
0.676172589494	0.284021937629	-0.679795681188	1.957256282642
-0.148357148029	0.956293584294	0.251977652316	-0.382017881860
0.721651429601	-0.069527833158	0.688756193853	1.402547173387
0.000000000000	0.000000000000	0.000000000000	1.000000000000
19	65	66
0.749485583325	0.199540552915	-0.631232863633	1.167246228591
-0.106438468941	0.977410127743	0.182593248820	-0.401614853428
0.653408151707	-0.069663548053	0.753793590683	1.522177779144
0.000000000000	0.000000000000	0.000000000000	1.000000000000
20	21	66
0.999036310110	-0.035952654358	0.025176531279	-0.373379581438
0.034336570337	0.997490278267	0.061920470767	0.079112628177
-0.027339550475	-0.060996322898	0.997763497815	-0.177214829746
0.000000000000	0.000000000000	0.000000000000	1.000000000000
20	22	66
0.994119262963	-0.067001113350	0.085074918838	-0.993400853583
0.069101737998	0.997367266927	-0.021988284811	0.028320255424
-0.083377699722	0.027737802242	0.996131905681	-0.068240169593
0.000000000000	0.000000000000	0.000000000000	1.000000000000
20	23	66
0.995615487899	-0.025281433064	0.090059143883	-1.463392830873
0.053069497609	0.945499738783	-0.321269158783	0.049302371507
-0.077028752283	0.324639943789	0.942695856689	0.077020103409
0.000000000000	0.000000000000	0.000000000000	1.000000000000
20	34	66
0.430693222109	-0.385155087032	0.816185583898	-2.217268444742
0.293721704229	0.914947021133	0.276766163006	-0.243911494966
-0.853364464279	0.120530110154	0.507189889147	1.011343371397
0.000000000000	0.000000000000	0.000000000000	1.000000000000
20	64	66
0.750485468091	0.244061315025	-0.614170690193	2.473287137716
-0.165691764064	0.969116798136	0.182644109927	-0.397972632950
0.639779494440	-0.035308725238	0.767747023711	1.233669227101
0.000000000000	0.000000000000	0.000000000000	1.000000000000
20	65	66
0.825481214449	0.162128976055	-0.540643098277	1.727577582851
-0.123523227144	0.986529991918	0.107240791691	-0.448623332790
0.550747471122	-0.021743278731	0.834388670155	1.373529037353
0.000000000000	0.000000000000	0.000000000000	1.000000000000
21	22	66
0.997761295302	-0.034239116020	0.057446327405	-0.625319100495
0.039503952314	0.994866388367	-0.093168165431	-0.011121542579
-0.053961424644	0.095228946400	0.993991756715	0.070010676451
0.000000000000	0.000000000000	0.000000000000	1.000000000000
21	23	66
0.999508185257	0.026184431800	0.017255814571	-1.009676003310
-0.018237702703	0.933008998381	-0.359390588554	-0.060267865797
-0.025510268625	0.358899128547	0.933027674682	0.183142474063
0.000000000000	0.000000000000	0.000000000000	1.000000000000
21	24	66
0.996919706412	0.078349976091	-0.003518552760	0.677789887573
-0.078424387648	0.996341605038	-0.033956170153	-0.288926013291
0.000845215385	0.034127515526	0.999417129278	0.016512846115
0.000000000000	0.000000000000	0.000000000000	1.000000000000
21	34	66
0.471633776608	-0.365161012076	0.802632553552	-1.864994097985
0.337174089314	0.915737316852	0.218492105166	-0.341029892404
-0.814785379261	0.167578643579	0.555015480828	1.085651103310
0.000000000000	0.000000000000	0.000000000000	1.000000000000
21	65	66
0.783469380048	0.178554405686	-0.595226053477	2.041213764370
-0.165333882107	0.983202316192	0.077316963618	-0.714637912442
0.599032918924	0.037835560600	0.799830002187	1.603469291518
0.000000000000	0.000000000000	0.000000000000	1.000000000000
22	23	66
0.997965956337	0.031100150652	-0.055648276004	-0.356078611784
-0.045042183260	0.961727110561	-0.270281642992	-0.019221747171
0.045112655874	0.272238398174	0.961171734312	0.079823458223
0.000000000000	0.000000000000	0.000000000000	1.000000000000
22	24	66
0.954297493768	0.133416050382	-0.267425598792	-0.200157080454
-0.123879742002	0.990918041229	0.052299570628	-0.178445320479
0.271974452679	-0.016780734993	0.962158149174	0.366050198868
0.000000000000	0.000000000000	0.000000000000	1.000000000000
22	33	66
0.969349391322	-0.066100838854	0.236627210282	-1.298077577723
0.015628583243	0.977766751589	0.209112235111	-0.279133805221
-0.245188712890	-0.199004669769	0.948830667970	0.985715506255
0.000000000000	0.000000000000	0.000000000000	1.000000000000
22	34	66
0.511405769735	-0.325372694736	0.795359508777	-1.324007651188
0.232904006927	0.943386100577	0.236174488029	-0.169903769177
-0.827175835140	0.064461420699	0.558233699271	1.008172515076
0.000000000000	0.000000000000	0.000000000000	1.000000000000
22	65	66
0.782108092047	0.202303691828	-0.589389640754	2.534513399139
-0.099276972355	0.974205759804	0.202650488092	-0.682057940871
0.615183724683	-0.099981767522	0.782018306083	1.675375158942
0.000000000000	0.000000000000	0.000000000000	1.000000000000
23	24	66
0.994167121300	0.071964520963	-0.080329587623	-0.246470680922
-0.047241434631	0.960141555330	0.275493086270	0.036647240832
0.096953503182	-0.270091283552	0.957940873316	0.363615434018
0.000000000000	0.000000000000	0.000000000000	1.000000000000
23	33	66
0.961299505328	-0.060734614229	0.268727683147	-0.854744463838
-0.073250733885	0.883947158945	0.461813544820	0.031486839066
-0.265589139538	-0.463625632195	0.845289111566	0.991259174913
0.000000000000	0.000000000000	0.000000000000	1.000000000000
24	25	66
0.998951145996	-0.045426192371	0.005750561739	-0.517633332394
0.045057551851	0.997570482611	0.053131433684	-0.127729470153
-0.008150149377	-0.052816600334	0.998570969834	0.393399084032
0.000000000000	0.000000000000	0.000000000000	1.000000000000
24	32	66
0.996968374336	0.034725947914	-0.069628795162	-0.719387264062
-0.014272821758	0.961317018634	0.275074310404	-0.168611960468
0.076487561951	-0.273246588682	0.958898302554	0.464993535540
0.000000000000	0.000000000000	0.000000000000	1.000000000000
24	33	66
0.891745158817	-0.174589829848	0.417503249137	-0.742192856314
0.064290656666	0.962100321640	0.265008834881	-0.296738201853
-0.447947857671	-0.209478787501	0.869172798927	0.824758309640
0.000000000000	0.000000000000	0.000000000000	1.000000000000
25	26	66
0.995294315674	-0.069516132131	0.067503574425	-0.352301455274
0.083108524191	0.970616526787	-0.225824115484	-0.121565068529
-0.049821665903	0.230371580932	0.971826494960	0.357404113969
0.000000000000	0.000000000000	0.000000000000	1.000000000000
25	27	66
0.994692541255	-0.077331232172	0.067872151159	-0.355915731908
0.076178274011	0.996905117152	0.019417980441	-0.118723079847
-0.069163711157	-0.014144536982	0.997505044164	0.323883184258
0.000000000000	0.000000000000	0.000000000000	1.000000000000
25	32	66
0.995579175059	0.078147117130	-0.052106950336	-0.237428418296
-0.064968086742	0.973596397427	0.218836017653	-0.019728864503
0.067832543032	-0.214483293059	0.974369366875	0.063774293701
0.000000000000	0.000000000000	0.000000000000	1.000000000000
25	33	66
0.900428849494	-0.143573866112	0.410626876822	-0.237814602300
0.067129942273	0.978517059036	0.194930592840	-0.181619750172
-0.429792342707	-0.147955770906	0.890723095022	0.414915180072
0.000000000000	0.000000000000	0.000000000000	1.000000000000
26	27	66
0.999924802044	0.012257186197	0.000389414398	0.051649606628
-0.011978483355	0.969398523719	0.245199955442	-0.005798001354
0.002627963767	-0.245186181500	0.969472449432	-0.030050433463
0.000000000000	0.000000000000	0.000000000000	1.000000000000
26	32	66
0.981468756542	0.170938436921	-0.086597521417	0.152263126378
-0.116131303363	0.890077848804	0.440766313875	0.028885809268
0.152422440316	-0.422541682975	0.893434902966	-0.310977004414
0.000000000000	0.000000000000	0.000000000000	1.000000000000
27	28	66
0.925108520156	0.218874278858	-0.310271294175	0.180436799081
-0.162022261118	0.966563755542	0.198754354356	0.083965740631
0.343399203314	-0.133598489991	0.929638871087	-0.167181480579
0.000000000000	0.000000000000	0.000000000000	1.000000000000
27	31	66
0.648420065698	0.461118069941	-0.605740492269	0.395167379990
-0.277825265405	0.884139082761	0.375647712940	0.131541476613
0.708776791595	-0.075287501672	0.701403772294	-0.353442258991
0.000000000000	0.000000000000	0.000000000000	1.000000000000
27	32	66
0.981015723529	0.165004561131	-0.101890357717	0.134401462103
-0.141402920749	0.968183695870	0.206459548231	0.101081772368
0.132715350255	-0.188132468910	0.973135555793	-0.255057302871
0.000000000000	0.000000000000	0.000000000000	1.000000000000
27	33	66
0.935323638644	-0.047348197598	0.350610666093	0.150200444895
-0.005734420938	0.988845228250	0.148836255612	-0.072179118179
-0.353746812580	-0.141220617306	0.924618802446	0.078107749738
0.000000000000	0.000000000000	0.000000000000	1.000000000000
28	29	66
0.887740866734	0.294553266651	-0.353771856761	0.151067428906
-0.268885662797	0.955557433517	0.120873866459	0.086836551914
0.373653119715	-0.012180490792	0.927488534577	-0.180031167695
0.000000000000	0.000000000000	0.000000000000	1.000000000000
28	30	66
0.749079588747	0.416112448336	-0.515490252151	0.107415966679
-0.332125788297	0.909154134604	0.251259269045	0.259686783160
0.573212203700	-0.017005583570	0.819230480181	-0.416266552392
0.000000000000	0.000000000000	0.000000000000	1.000000000000
28	31	66
0.884325884653	0.243065204323	-0.398606367460	0.167724279463
-0.208910191956	0.969555275540	0.127746230351	0.121345968604
0.417521570017	-0.029696365425	0.908181625255	-0.204448629570
0.000000000000	0.000000000000	0.000000000000	1.000000000000
28	32	66
0.973311530281	-0.061518794094	0.221088450615	-0.088721176856
0.053969232215	0.997739779245	0.040033172331	0.018721447636
-0.223051534396	-0.027032774292	0.974431753443	-0.048454584362
0.000000000000	0.000000000000	0.000000000000	1.000000000000
29	30	66
0.963045373961	0.119413605544	-0.241420791363	-0.120618308621
-0.103946871461	0.991685278981	0.075864058461	0.156888253607
0.248472645587	-0.047965594583	0.967450591054	-0.176718735299
0.000000000000	0.000000000000	0.000000000000	1.000000000000
29	31	66
0.998165289171	-0.047646244919	-0.037361622535	-0.019578535911
0.047902116058	0.998834115847	0.005983000612	0.018953613910
0.037032995699	-0.007761724315	0.999283900033	-0.022264328934
0.000000000000	0.000000000000	0.000000000000	1.000000000000
29	32	66
0.784135852766	-0.323919810154	0.529345748067	-0.098894350814
0.336917203859	0.938524697827	0.075220936659	-0.111080752530
-0.521169609772	0.119362256000	0.845065020985	0.180547490506
0.000000000000	0.000000000000	0.000000000000	1.000000000000
30	31	66
0.965553733744	-0.143937094342	0.216767387135	0.146193391894
0.158428010434	0.986055952243	-0.050933530755	-0.130403693278
-0.206413547915	0.083521086664	0.974893673853	0.115118403255
0.000000000000	0.000000000000	0.000000000000	1.000000000000
30	32	66
0.543069873331	-0.408299493988	0.733734717653	0.072076832633
0.479488615405	0.868133714462	0.128197197753	-0.321807365400
-0.689322696839	0.282197407897	0.667232225390	0.361702768531
0.000000000000	0.000000000000	0.000000000000	1.000000000000
31	32	66
0.759862394837	-0.293417131175	0.580099584594	-0.106300064682
0.319844273846	0.945610337697	0.059335737365	-0.146584612792
-0.565958285919	0.140454534900	0.812381525039	0.219259668524
0.000000000000	0.000000000000	0.000000000000	1.000000000000
32	33	66
0.870638404534	-0.196392890849	0.451019512854	0.053320474605
0.207817838271	0.977857327770	0.024633161041	-0.219740365802
-0.445870513319	0.072283324152	0.892174089739	0.302115240594
0.000000000000	0.000000000000	0.000000000000	1.000000000000
33	65	66
0.550436681390	0.269057529647	-0.790333793736	3.613508340742
-0.308269873982	0.945251033022	0.107098876582	-0.882519087839
0.775879594123	0.184684948792	0.603243172455	1.610377107912
0.000000000000	0.000000000000	0.000000000000	1.000000000000
34	35	66
0.917399340007	-0.182564300545	0.353622294434	0.159232354892
0.186615519508	0.982165471585	0.022926715975	0.097543531908
-0.351501207442	0.044958454082	0.935107287200	-0.167747346886
0.000000000000	0.000000000000	0.000000000000	1.000000000000
34	36	66
0.738381487201	-0.302265341136	0.602850265743	0.035936838092
0.332678494429	0.940848043878	0.064264902357	0.125284607665
-0.586615545910	0.153103304596	0.795261956477	-0.222242545179
0.000000000000	0.000000000000	0.000000000000	1.000000000000
34	37	66
0.698317903868	-0.306067555110	0.647050814732	0.081920898385
0.305949822954	0.944862300400	0.116747330234	0.169495532968
-0.647106491214	0.116438331278	0.753455575358	-0.303694941096
0.000000000000	0.000000000000	0.000000000000	1.000000000000
34	64	66
0.340759792102	-0.224413393072	0.912973927939	-3.352500795007
0.337213292058	0.935652184968	0.104125810562	-0.313865007245
-0.877593276949	0.272385054243	0.394507823089	1.459603793260
0.000000000000	0.000000000000	0.000000000000	1.000000000000
34	65	66
-0.268983023733	0.409494299680	-0.871758310241	1.186312266139
-0.307987893841	0.821022680919	0.480692432501	-1.808878142166
0.912574155995	0.397789109889	-0.094721876368	3.567578306685
0.000000000000	0.000000000000	0.000000000000	1.000000000000
35	36	66
0.938883737065	-0.180888396711	0.292876622847	-0.112556087150
0.194959848877	0.980620697777	-0.019331435995	0.070456425785
-0.283704045796	0.075249153000	0.955954799858	-0.097535131829
0.000000000000	0.000000000000	0.000000000000	1.000000000000
35	37	66
0.920108314107	-0.154678241463	0.359826808241	-0.058430268399
0.152399970058	0.987703119313	0.034882620680	0.078104046205
-0.360797643336	0.022741805496	0.932366811317	-0.144048735821
0.000000000000	0.000000000000	0.000000000000	1.000000000000
35	38	66
0.815803278670	-0.243093572561	0.524757587358	-0.207882498979
0.261513941333	0.964362878610	0.040183290641	0.092368750425
-0.515825037197	0.104449764662	0.850302756472	-0.084301681307
0.000000000000	0.000000000000	0.000000000000	1.000000000000
35	45	66
0.453835277850	-0.106572620515	0.884689672787	-0.887766064124
0.532836546455	0.828226657158	-0.173567909290	-0.015844059251
-0.714225983384	0.550166230270	0.432664262136	-0.168916748596
0.000000000000	0.000000000000	0.000000000000	1.000000000000
35	46	66
0.428791447241	-0.244238883334	0.869761612535	-0.985227681509
0.443858182246	0.895502194750	0.032645570148	-0.102760960055
-0.786846750534	0.372052667058	0.492391108885	0.133418991696
0.000000000000	0.000000000000	0.000000000000	1.000000000000
35	47	66
0.297504206137	-0.518136813957	0.801888701350	-1.244009416949
0.487964359071	0.804448100874	0.338753652788	-0.128311835965
-0.820598581285	0.290512469652	0.492158991963	0.413093778556
0.000000000000	0.000000000000	0.000000000000	1.000000000000
35	48	66
0.219841286046	-0.641440232925	0.734999480635	-1.607763904071
0.455080639543	0.733861282144	0.504330477051	-0.188761183683
-0.862885519905	0.223611373044	0.453240039474	0.509965362834
0.000000000000	0.000000000000	0.000000000000	1.000000000000
35	49	66
0.274300566861	-0.531286005331	0.801557471152	-1.490318280897
0.476387552018	0.799135729457	0.366656496176	-0.313957606795
-0.835352679593	0.281277916739	0.472301423089	0.729694855398
0.000000000000	0.000000000000	0.000000000000	1.000000000000
36	37	66
0.996506674315	0.032388687347	0.076976756085	0.073244912935
-0.035356585558	0.998670549164	0.037510613040	0.002099291694
-0.075659499754	-0.040101211515	0.996327021079	-0.042930222734
0.000000000000	0.000000000000	0.000000000000	1.000000000000
36	38	66
0.955332041758	-0.070762949801	0.286937789297	-0.159941410818
0.074969425277	0.997179024083	-0.003684997010	0.078010387484
-0.285867583445	0.025031956871	0.957942130752	-0.025244806099
0.000000000000	0.000000000000	0.000000000000	1.000000000000
36	39	66
0.692969260449	-0.276946062781	0.665653425126	-0.252072373184
0.306360287407	0.948888558425	0.075854320840	-0.032386308275
-0.652638474481	0.151365062020	0.742395877970	0.076442073082
0.000000000000	0.000000000000	0.000000000000	1.000000000000
36	45	66
0.694493560724	-0.101781745814	0.712263413585	-0.823899090677
0.403767830763	0.874503511756	-0.268728760589	0.004953658282
-0.595525174072	0.474219447246	0.648433252463	-0.258446368563
0.000000000000	0.000000000000	0.000000000000	1.000000000000
36	46	66
0.714209589643	-0.156713393368	0.682162425234	-0.928008177769
0.282551329146	0.956224714716	-0.076151437041	-0.027161505544
-0.640366620351	0.247133986543	0.727224438695	-0.038313676327
0.000000000000	0.000000000000	0.000000000000	1.000000000000
36	47	66
0.582027160884	-0.438789549019	0.684622608205	-1.280445279021
0.370003018864	0.892619211854	0.257543605358	-0.010699103013
-0.724114735401	0.103415058388	0.681882083409	0.177166293859
0.000000000000	0.000000000000	0.000000000000	1.000000000000
36	48	66
0.537170589055	-0.518879707938	0.664989929957	-1.633349248808
0.351535593961	0.854382128545	0.382692963878	0.094359720794
-0.766727125145	0.028196225172	0.641353637593	0.144949041028
0.000000000000	0.000000000000	0.000000000000	1.000000000000
36	49	66
0.561591472324	-0.441524983371	0.699764751379	-1.645042523241
0.372580642645	0.890073054290	0.262590218312	-0.095609031429
-0.738781891318	0.113250373450	0.664361099083	0.420486859458
0.000000000000	0.000000000000	0.000000000000	1.000000000000
36	52	66
0.672144779792	-0.191875787592	0.715125916978	-1.531794761338
0.341505453209	0.937307358172	-0.069490587462	-0.553634277636
-0.656959222803	0.290927135987	0.695532875658	1.219637764966
0.000000000000	0.000000000000	0.000000000000	1.000000000000
37	38	66
0.968872233278	-0.129774677828	0.210820133236	-0.241091397402
0.137881180282	0.990154194388	-0.024154739927	0.058625910067
-0.205609765593	0.052470985615	0.977226391355	0.003587319026
0.000000000000	0.000000000000	0.000000000000	1.000000000000
37	39	66
0.764205494348	-0.321512874522	0.559123809119	-0.158953756234
0.348561347532	0.935272756698	0.061399165994	-0.030001133769
-0.542673888643	0.147967368343	0.826807540176	0.026009649614
0.000000000000	0.000000000000	0.000000000000	1.000000000000
37	45	66
0.737508673643	-0.169705969772	0.653667224301	-0.824831627771
0.454784405391	0.840344261352	-0.294945193258	0.047693964305
-0.499251540724	0.514802298204	0.696940810147	-0.311608260034
0.000000000000	0.000000000000	0.000000000000	1.000000000000
37	46	66
0.746555246554	-0.203695601533	0.633374585659	-1.005444117508
0.336561393117	0.936814511823	-0.095420118958	-0.024143295827
-0.573917844735	0.284405823349	0.767939864273	-0.073659696772
0.000000000000	0.000000000000	0.000000000000	1.000000000000
37	47	66
0.609782851554	-0.474944511407	0.634501840057	-1.405664065678
0.435391796982	0.869684691745	0.232556487904	-0.012609732802
-0.662267964703	0.134447937989	0.737105755573	0.127678460190
0.000000000000	0.000000000000	0.000000000000	1.000000000000
37	48	66
0.576034522663	-0.549843129913	0.604860943679	-1.730775985184
0.384782456052	0.835242966964	0.392825212598	-0.008480802631
-0.721198093602	0.006458995650	0.692698773753	0.056781219470
0.000000000000	0.000000000000	0.000000000000	1.000000000000
37	49	66
0.616543263762	-0.464760508703	0.635509302418	-1.721417627402
0.402847132167	0.879736207759	0.252543843448	-0.158527109897
-0.676452948855	0.100308894463	0.729622870856	0.307923064788
0.000000000000	0.000000000000	0.000000000000	1.000000000000
38	39	66
0.874869070525	-0.205320464850	0.438688518374	-0.073983334857
0.217865092803	0.975726669882	0.022187091248	-0.087324273773
-0.432595551037	0.076164114869	0.898365246895	0.125728977049
0.000000000000	0.000000000000	0.000000000000	1.000000000000
38	44	66
0.763926052567	-0.211321857404	0.609721295998	-0.440378912004
0.357219651521	0.925367446207	-0.126843249989	0.238068465128
-0.537411487389	0.314703292140	0.782400620615	-0.422613970701
0.000000000000	0.000000000000	0.000000000000	1.000000000000
38	45	66
0.897090069902	-0.149753642455	0.415696106615	-0.455160077236
0.317277460318	0.873105782696	-0.370163889916	0.127307010454
-0.307513283709	0.463961354851	0.830767982982	-0.420954978486
0.000000000000	0.000000000000	0.000000000000	1.000000000000
38	46	66
0.882090381025	-0.159208911004	0.443361119585	-0.763433639458
0.248762103785	0.956659532720	-0.151393375604	0.068171224840
-0.400042467025	0.243834085215	0.883465315371	-0.232596836938
0.000000000000	0.000000000000	0.000000000000	1.000000000000
38	47	66
0.783575803206	-0.373134887590	0.496768876131	-1.226623129922
0.327430905354	0.927529269600	0.180217802268	0.110016045988
-0.528013222229	0.021443173699	0.848965386487	-0.127459872813
0.000000000000	0.000000000000	0.000000000000	1.000000000000
38	48	66
0.738886099344	-0.439992166124	0.510347162181	-1.523676502801
0.298027401665	0.892667291498	0.338119467859	0.167555978040
-0.604340136060	-0.097734336026	0.790709175050	-0.236030520279
0.000000000000	0.000000000000	0.000000000000	1.000000000000
38	49	66
0.789055949120	-0.367078488894	0.492589171775	-1.537971878769
0.311011848026	0.930189742921	0.194983775097	0.020704641420
-0.529775744581	-0.000652039090	0.848137509664	-0.019638455312
0.000000000000	0.000000000000	0.000000000000	1.000000000000
39	40	66
0.786238467131	-0.236211221271	0.570993285205	-0.088117137253
0.266162812168	0.963395293419	0.032044750530	0.102213596130
-0.557661573198	0.126782362983	0.820329081658	-0.194044841333
0.000000000000	0.000000000000	0.000000000000	1.000000000000
39	43	66
0.651881535942	-0.199363411512	0.731645196286	-0.207403023703
0.366458152248	0.927505123473	-0.073774443964	0.276585791691
-0.663896743289	0.316209544577	0.677681811892	-0.495782321302
0.000000000000	0.000000000000	0.000000000000	1.000000000000
39	44	66
0.984300164537	-0.094807743958	0.148878063452	0.043152901395
0.119313615804	0.978981618532	-0.165406322913	0.274001523891
-0.130067087211	0.180572650923	0.974923622938	-0.642958506548
0.000000000000	0.000000000000	0.000000000000	1.000000000000
39	45	66
0.986183673105	-0.124800350246	-0.108934087778	0.024326241570
0.075432151705	0.923774836054	-0.375433140202	0.230782967631
0.147484756469	0.362028900575	0.920425619894	-0.644452048857
0.000000000000	0.000000000000	0.000000000000	1.000000000000
39	46	66
0.997554770154	-0.016605958037	-0.067887573975	-0.310989041240
0.003932879305	0.983160828429	-0.182700076363	0.294070200955
0.069778313271	0.181986339048	0.980822083457	-0.604828459324
0.000000000000	0.000000000000	0.000000000000	1.000000000000
39	47	66
0.990460771456	-0.108930509933	0.084389597771	-0.788906929783
0.095581254367	0.984256936562	0.148669117985	0.392456578051
-0.099255649814	-0.139184865681	0.985279599477	-0.731912976901
0.000000000000	0.000000000000	0.000000000000	1.000000000000
39	48	66
-0.240426353230	-0.656142377625	0.715312763033	-0.669197497293
0.477279610579	0.561778490579	0.675728570395	-0.369766731874
-0.845221475116	0.503867152936	0.178097024664	0.533127353532
0.000000000000	0.000000000000	0.000000000000	1.000000000000
39	49	66
0.993558486446	-0.081575464015	0.078657343465	-1.100599079609
0.068290381620	0.984935350263	0.158867175905	0.413719395261
-0.090432061728	-0.152472290835	0.984161695424	-0.801659399409
0.000000000000	0.000000000000	0.000000000000	1.000000000000
40	41	66
0.883838370975	-0.163740689750	0.438199407249	0.039863504401
0.176630123645	0.984210022337	0.011507882224	0.074265397522
-0.433164556969	0.067228107605	0.898804121115	-0.161866885018
0.000000000000	0.000000000000	0.000000000000	1.000000000000
40	42	66
0.918834434967	-0.041668274367	0.392437302038	0.006423667120
0.199999875310	0.906418682236	-0.372028523597	0.098097647874
-0.340210715580	0.420320029746	0.841182347413	-0.277911079541
0.000000000000	0.000000000000	0.000000000000	1.000000000000
40	43	66
0.980473479188	-0.084581085636	0.177532522544	0.126031688846
0.109614361653	0.984585477817	-0.136294272041	0.101831328507
-0.163268026042	0.153093033233	0.974631250703	-0.311962123375
0.000000000000	0.000000000000	0.000000000000	1.000000000000
40	44	66
0.894296835042	0.053880908965	-0.444218435551	0.857773747164
-0.097211206068	0.992408734480	-0.075331833532	0.082683973149
0.436787307793	0.110552030183	0.892745818457	-0.368707791765
0.000000000000	0.000000000000	0.000000000000	1.000000000000
40	45	66
0.777139150814	-0.094952619290	-0.622124376923	0.117167068746
-0.092134823588	0.960734569348	-0.261725546217	0.074117042888
0.622547921492	0.260716488451	0.737876004553	-0.365055312215
0.000000000000	0.000000000000	0.000000000000	1.000000000000
40	46	66
0.753966964449	0.129161998264	-0.644089275430	0.656086012692
-0.178369437068	0.983896463499	-0.011493173366	0.080179851197
0.632232679035	0.123551314515	0.764863982838	-0.503944759933
0.000000000000	0.000000000000	0.000000000000	1.000000000000
40	47	66
0.781882195091	-0.363966693281	0.506150648703	0.478389815852
0.336759879688	0.929821219360	0.148409175798	0.101097623089
-0.524645610324	0.054412739417	0.849580035875	-0.135096303608
0.000000000000	0.000000000000	0.000000000000	1.000000000000
41	42	66
0.996059911747	-0.047036876595	-0.075181011231	0.008653971584
0.020013366335	0.945105992509	-0.326150468484	-0.104542295214
0.086395123575	0.323360781735	0.942323557733	-0.122292916416
0.000000000000	0.000000000000	0.000000000000	1.000000000000
41	43	66
0.960032108502	0.048565243725	-0.275644277552	0.141296625225
-0.072567793841	0.994343776945	-0.077552360042	-0.044171794092
0.270318822768	0.094455652837	0.958126225351	-0.097427649298
0.000000000000	0.000000000000	0.000000000000	1.000000000000
42	43	66
0.981351913173	0.075643014968	-0.176710375466	0.076621757054
-0.025414368187	0.962303402344	0.270788241486	0.000041423637
0.190532234545	-0.261247576302	0.946280704377	0.000179274323
0.000000000000	0.000000000000	0.000000000000	1.000000000000
44	45	66
0.960925029915	-0.038070285063	-0.274178300160	-0.024698105956
-0.011437962688	0.984190353011	-0.176744227772	-0.074950443026
0.276572341157	0.172973993526	0.945297697908	-0.014182285846
0.000000000000	0.000000000000	0.000000000000	1.000000000000
44	46	66
0.970165403537	0.108152209438	-0.216984306744	-0.364299726429
-0.106560643078	0.994123551489	0.019057642081	0.034757318291
0.217770335736	0.004632922244	0.975989045484	-0.020139796286
0.000000000000	0.000000000000	0.000000000000	1.000000000000
44	47	66
0.997357198295	0.045655109208	-0.056517519519	-0.684842381607
-0.026224348721	0.951673846992	0.305988843728	0.206883365335
0.067756199300	-0.303698040749	0.950356037231	-0.237939089789
0.000000000000	0.000000000000	0.000000000000	1.000000000000
44	48	66
0.997315473769	0.068296346395	0.026409370511	-0.788386342420
-0.073158227652	0.913993538215	0.399078545938	0.420083591771
0.003117612616	-0.399939271853	0.916536338244	-0.572591300226
0.000000000000	0.000000000000	0.000000000000	1.000000000000
44	49	66
0.997036229666	0.072916629118	-0.024534097327	-1.070901972142
-0.061202151616	0.944980600498	0.321350215996	0.230673429384
0.046616020541	-0.318896268215	0.946642549618	-0.367534561371
0.000000000000	0.000000000000	0.000000000000	1.000000000000
44	50	66
0.992129755652	0.118970576135	-0.039045485835	-1.426834905821
-0.120044538139	0.992417067461	-0.026413501768	0.129264350368
0.035606977027	0.030892818368	0.998888270509	-0.007116046069
0.000000000000	0.000000000000	0.000000000000	1.000000000000
45	46	66
0.993581891176	0.094404224204	0.062312663074	-0.315340991179
-0.104623372452	0.976389150109	0.188992532883	0.133964058926
-0.042999714693	-0.194298919197	0.979999466599	0.039476995885
0.000000000000	0.000000000000	0.000000000000	1.000000000000
45	47	66
0.974367942877	-0.048477697770	0.219674815837	-0.719652068001
-0.060370632063	0.884337127005	0.462928971426	0.289673967684
-0.216708326278	-0.464325057067	0.858743117994	-0.076515844359
0.000000000000	0.000000000000	0.000000000000	1.000000000000
45	48	66
0.951542668823	-0.074145081486	0.298444393983	-0.968562018603
-0.113285481742	0.817727332268	0.564347773708	0.373333876051
-0.285889749790	-0.570810403684	0.769702886841	-0.348158195550
0.000000000000	0.000000000000	0.000000000000	1.000000000000
45	49	66
0.971337394363	-0.031970934097	0.235545166974	-1.119075031490
-0.086302439381	0.875865467889	0.474775284862	0.304501848725
-0.221484887224	-0.481495110601	0.848001711790	-0.104111421819
0.000000000000	0.000000000000	0.000000000000	1.000000000000
46	47	66
0.984685025834	-0.122260295894	0.124289259178	-0.412888020520
0.079473366796	0.949296853778	0.304170129001	0.132879649287
-0.155175332670	-0.289634085450	0.944474834327	-0.112298735009
0.000000000000	0.000000000000	0.000000000000	1.000000000000
46	48	66
0.967618475680	-0.154864142766	0.199327827481	-0.658468200869
0.056455907004	0.902448996579	0.427081419800	0.249377890316
-0.246022795869	-0.401998639126	0.881969318091	-0.382666418463
0.000000000000	0.000000000000	0.000000000000	1.000000000000
46	49	66
0.981868087658	-0.105800251365	0.157293881793	-0.831587942155
0.052604606748	0.949242349610	0.310115651097	0.139653017720
-0.182120327771	-0.296218278500	0.937596351153	-0.155113114891
0.000000000000	0.000000000000	0.000000000000	1.000000000000
47	48	66
0.995794660713	-0.006197272805	0.091403432675	-0.189340555325
-0.005120682193	0.992384502908	0.123072243022	0.217833372541
-0.091470062364	-0.123022730413	0.988179455106	-0.247603044957
0.000000000000	0.000000000000	0.000000000000	1.000000000000
47	49	66
0.999289938366	0.012580615717	0.035515450011	-0.424928059218
-0.012629793460	0.999919567347	0.001160669620	0.092708884320
-0.035497991471	-0.001608398271	0.999368453403	-0.103479846254
0.000000000000	0.000000000000	0.000000000000	1.000000000000
48	49	66
0.997676519216	0.014615951083	-0.066542745507	-0.222757594456
-0.022858144109	0.991913393776	-0.124841197112	-0.144786809352
0.064179967697	0.126072174656	0.989942795582	0.109916788351
0.000000000000	0.000000000000	0.000000000000	1.000000000000
49	50	66
0.997730259674	0.066238823457	-0.012113925785	-0.305661049544
-0.066410418740	0.938193208352	-0.339680968094	-0.235151234634
-0.011134864780	0.339714471387	0.940462701396	0.272312220040
0.000000000000	0.000000000000	0.000000000000	1.000000000000
50	51	66
0.993766917860	0.023851028813	-0.108896470979	-0.288392897591
-0.020957902606	0.999398341747	0.027635499480	-0.078700386328
0.109490087613	-0.025181003509	0.993668877331	0.206038365220
0.000000000000	0.000000000000	0.000000000000	1.000000000000
51	52	66
0.984282733302	-0.101940741000	0.144206748272	-0.538447476649
0.101838728513	0.994767876819	0.008108305908	-0.070473756781
-0.144278807514	0.006704966386	0.989514360244	0.346273445026
0.000000000000	0.000000000000	0.000000000000	1.000000000000
51	53	66
0.968839663417	-0.092267100091	0.229861890774	-0.832604700903
0.098367598916	0.995034082609	-0.015198352888	-0.140998644611
-0.227318107666	0.037335729374	0.973104578778	0.696462897104
0.000000000000	0.000000000000	0.000000000000	1.000000000000
52	53	66
0.996603206575	0.008758036709	0.081886173663	-0.350376016442
-0.007353755915	0.999820954121	-0.017435078825	-0.075294948945
-0.082024209341	0.016773684530	0.996489173343	0.299770089048
0.000000000000	0.000000000000	0.000000000000	1.000000000000
53	54	66
0.978599070777	0.024302312416	-0.204336135537	-0.037815654955
-0.053090277087	0.989201356140	-0.136609295031	-0.150379655376
0.198809660615	0.144533991231	0.969321744430	0.341233077148
0.000000000000	0.000000000000	0.000000000000	1.000000000000
54	55	66
0.974915506968	0.016705588001	-0.221947465861	0.044694667328
-0.002340836563	0.997893744220	0.064827430394	-0.021879877333
0.222562968071	-0.062681724425	0.972901190598	0.006436987214
0.000000000000	0.000000000000	0.000000000000	1.000000000000
55	56	66
0.884000802402	0.169577498045	-0.435644411773	0.055663024088
-0.035027748892	0.953296116432	0.299999285338	0.043701156114
0.466171254111	-0.249939965897	0.848654449872	0.057226791223
0.000000000000	0.000000000000	0.000000000000	1.000000000000
56	57	66
0.874496469688	0.202302334883	-0.440828413109	0.113215261922
-0.185048433908	0.979276133366	0.082312403245	-0.123886953730
0.448344735233	0.009592701419	0.893809251724	0.206593812210
0.000000000000	0.000000000000	0.000000000000	1.000000000000
58	59	66
0.926044632422	0.174970979425	-0.334404687649	0.261832968880
-0.173432802367	0.984233992654	0.034706062411	-0.316626145183
0.335205014619	0.025857379295	0.941790313239	0.631262414532
0.000000000000	0.000000000000	0.000000000000	1.000000000000
58	60	66
0.745995794431	0.332444861418	-0.577036124353	0.591298284942
-0.280747262017	0.942718940821	0.180172066334	-0.636724923821
0.603880161589	0.027593708238	0.796597349798	1.170202595147
0.000000000000	0.000000000000	0.000000000000	1.000000000000
58	61	66
0.394063922334	0.434186938215	-0.810058842182	1.046175787202
-0.373083033402	0.881062717555	0.290753397096	-0.816927621046
0.839953972133	0.187643785984	0.509182810275	1.549869017566
0.000000000000	0.000000000000	0.000000000000	1.000000000000
58	62	66
0.091934039259	0.414378323439	-0.905449467110	1.276788118531
-0.329211897927	0.870815750890	0.365101977899	-0.849951313946
0.939770003080	0.264519437974	0.216475883749	1.601461821202
0.000000000000	0.000000000000	0.000000000000	1.000000000000
59	60	66
0.940851489166	0.162119914435	-0.297515728455	0.529819076918
-0.145902944185	0.986368663003	0.076086736840	-0.203309693728
0.305795366565	-0.028177898939	0.951680198280	0.376396804186
0.000000000000	0.000000000000	0.000000000000	1.000000000000
59	61	66
0.723486363161	0.315934686342	-0.613801886838	1.101211609254
-0.274852496828	0.947448266808	0.163700600826	-0.347730825744
0.633264231824	0.050269828816	0.772301338212	0.571382105244
0.000000000000	0.000000000000	0.000000000000	1.000000000000
59	62	66
0.358864793485	0.362307208949	-0.860203200610	1.524052432295
-0.362872877284	0.903248833957	0.229052000399	-0.351554254435
0.859964728886	0.229945711634	0.455615665636	0.725561479605
0.000000000000	0.000000000000	0.000000000000	1.000000000000
60	61	66
0.914322676049	0.162424337813	-0.370988380612	0.617673077258
-0.171828104990	0.985095992349	0.007809493819	0.003775492374
0.366727618811	0.056605833126	0.928604670060	0.009151143956
0.000000000000	0.000000000000	0.000000000000	1.000000000000
60	62	66
0.676557285534	0.282757623834	-0.679939972023	0.982078338957
-0.319121928212	0.944714940254	0.075331776788	-0.004869036568
0.663650084250	0.166017492523	0.729387933716	-0.023365838859
0.000000000000	0.000000000000	0.000000000000	1.000000000000
60	63	66
0.460809150870	0.387812398859	-0.798283452018	0.923246722849
-0.454964774426	0.875519220350	0.162705712343	0.005413425684
0.762011798141	0.288214569529	0.579888249067	0.066405459332
0.000000000000	0.000000000000	0.000000000000	1.000000000000
61	62	66
0.912738761717	0.143512087969	-0.382507821444	0.348881443596
-0.151076492777	0.988467760666	0.010362405835	0.032174397217
0.379583780197	0.048329770654	0.923894142789	-0.149737578149
0.000000000000	0.000000000000	0.000000000000	1.000000000000
61	63	66
0.761554761144	0.295470814861	-0.576828694973	0.374514730083
-0.303380535336	0.949018395223	0.085582336422	-0.021970991979
0.572708125102	0.109822962506	0.812369571284	-0.050344469594
0.000000000000	0.000000000000	0.000000000000	1.000000000000
62	63	66
0.951184948989	0.159755270347	-0.264055763833	0.145771334232
-0.156242884349	0.987119687145	0.034393085662	-0.038178034309
0.266149119682	0.008542648740	0.963894013492	0.096162002528
0.000000000000	0.000000000000	0.000000000000	1.000000000000
62	64	66
0.942581452761	0.140686001262	-0.302898751993	-0.407830581843
-0.133257584502	0.990051804120	0.045164602636	-0.126756759572
0.306239483220	-0.002207760727	0.951951944538	0.391501121416
0.000000000000	0.000000000000	0.000000000000	1.000000000000
63	64	66
0.998692807057	-0.024241109661	-0.045000508169	-0.411461346646
0.024328564873	0.999703041004	0.001396688658	-0.166458667105
0.044953287580	-0.002489660698	0.998985987652	0.448938403924
0.000000000000	0.000000000000	0.000000000000	1.000000000000
63	65	66
0.995196981416	-0.086051045938	0.046671036775	-0.233371908816
0.089737045980	0.992444408735	-0.083674118758	-0.022330310920
-0.039118164061	0.087460351383	0.995399646462	0.208195286982
0.000000000000	0.000000000000	0.000000000000	1.000000000000
64	65	66
0.992574449892	-0.078742780858	0.092712112933	-0.475014712254
0.085263834556	0.993993391391	-0.068609156740	-0.207791861514
-0.086752751763	0.076004686267	0.993326355095	0.605913850774
0.000000000000	0.000000000000	0.000000000000	1.000000000000
