0	30	60
0.811139470478	-0.322612195680	0.487825922468	-3.063723867538
0.177787986257	0.930642047956	0.319838725797	-1.558820888303
-0.557175189125	-0.172704226281	0.812237070595	0.456576366093
0.000000000000	0.000000000000	0.000000000000	1.000000000000
0	31	60
-0.007164782176	-0.497824952743	0.867247935900	-2.963745613395
0.599457167309	0.692020742184	0.402191990161	0.037179651138
-0.800374768754	0.522759609011	0.293466558108	0.389509712556
0.000000000000	0.000000000000	0.000000000000	1.000000000000
0	33	60
0.993438018297	-0.047584968992	0.104002762120	0.501463235655
0.032557854776	0.989376763789	0.141681351515	-0.152419328480
-0.109639818930	-0.137365534253	0.984433756077	-0.982093279306
0.000000000000	0.000000000000	0.000000000000	1.000000000000
0	34	60
0.366989294760	-0.396584873078	0.841450709179	-2.089836989471
0.266391960046	0.911487483800	0.313410099548	-1.012142319289
-0.891265494202	0.109137552297	0.440153170526	1.470717281381
0.000000000000	0.000000000000	0.000000000000	1.000000000000
0	35	60
0.667014588741	-0.147184920221	0.730361648546	-2.084668811740
0.215256411108	0.976557541683	0.000212740270	-1.028711463907
-0.713271488203	0.157073126413	0.683060624743	1.628218784160
0.000000000000	0.000000000000	0.000000000000	1.000000000000
0	36	60
-0.339652799431	0.377618843969	-0.861417427568	1.515132912302
-0.252459546639	0.845652249363	0.470251475764	-1.024699027142
0.906035403916	0.377195283410	-0.191894671691	2.646088750673
0.000000000000	0.000000000000	0.000000000000	1.000000000000
0	37	60
0.041488969937	-0.670971100416	0.740321854182	-1.382719279464
0.317842930065	0.711331443804	0.626883919768	-1.228922597558
-0.947235206895	0.209297299223	0.242775829432	1.999938242826
0.000000000000	0.000000000000	0.000000000000	1.000000000000
0	38	60
-0.390709747194	-0.507415743108	0.768033304677	-1.361113092380
0.232387357958	0.752955805659	0.615673347308	-1.287544735952
-0.890697484733	0.419030808378	-0.176270168550	2.183022914022
0.000000000000	0.000000000000	0.000000000000	1.000000000000
0	41	60
0.879319605182	-0.209242214499	0.427802206182	-0.143779317859
0.112101814508	0.964007299907	0.241087347054	-0.384435016705
-0.462850100061	-0.164035427262	0.871126950264	0.381225769270
0.000000000000	0.000000000000	0.000000000000	1.000000000000
0	42	60
0.798520146331	-0.325926304010	0.506100405314	-0.241018080059
0.268355029119	0.945316350741	0.185371452407	0.032897117880
-0.538842420612	-0.012208250296	0.842318113526	-0.311904993621
0.000000000000	0.000000000000	0.000000000000	1.000000000000
0	47	60
0.690067438976	-0.275128524457	0.669411102907	-0.950851617402
0.288003086361	0.952929118896	0.094764532432	0.189756772174
-0.663973758451	0.127398545480	0.736823220791	-0.643912053095
0.000000000000	0.000000000000	0.000000000000	1.000000000000
0	49	60
-0.125491685597	-0.291636560759	0.948261542653	-2.269999251892
0.208975665855	0.926601956529	0.312630749025	-0.914371298491
-0.969835557157	0.237396146945	-0.055335896930	2.949316495029
0.000000000000	0.000000000000	0.000000000000	1.000000000000
0	50	60
-0.065729021004	-0.440227510349	0.895477210726	-2.152001588462
0.190658009865	0.875343237485	0.444323913226	-1.511725823993
-0.979453530839	0.199934878701	0.026397446969	3.772373763910
0.000000000000	0.000000000000	0.000000000000	1.000000000000
0	51	60
0.028790181182	-0.375987312587	0.926177448571	-1.891680847273
0.282712910625	0.891792864109	0.353240566315	-1.666427473170
-0.958772410759	0.251672462336	0.131971345634	3.751236075047
0.000000000000	0.000000000000	0.000000000000	1.000000000000
1	3	60
0.907730378269	-0.012991883722	-0.419352800545	0.065980715080
-0.010406615713	0.998515712759	-0.053460955127	-0.119337557540
0.419424919046	0.052892176464	0.906247844109	-0.068978568309
0.000000000000	0.000000000000	0.000000000000	1.000000000000
1	31	60
-0.074622064301	-0.534675851644	0.841756069885	-3.711702671355
0.144843590783	0.829346507862	0.539633861156	-0.701320706892
-0.986636651320	0.162191564412	0.015556821820	1.863631026749
0.000000000000	0.000000000000	0.000000000000	1.000000000000
1	33	60
0.027184423981	-0.479998583251	0.876847972667	-2.906574538798
0.117139794083	0.872658342238	0.474073503124	-0.787316219404
-0.992743308079	0.089826375853	0.079949649568	0.928767168782
0.000000000000	0.000000000000	0.000000000000	1.000000000000
1	35	60
0.678648218113	-0.207264863526	0.704611859395	-2.295107661875
0.186555484297	0.976537435839	0.107571779212	-0.869386444883
-0.710375708573	0.058445810389	0.701391787746	1.623419410345
0.000000000000	0.000000000000	0.000000000000	1.000000000000
1	36	60
0.418976575287	-0.461642968033	0.781885157441	-2.004666428942
0.219794560338	0.887064066226	0.405965138474	-0.640470934987
-0.880993178525	0.001764221011	0.473125677719	1.613433973836
0.000000000000	0.000000000000	0.000000000000	1.000000000000
1	37	60
0.096959753448	-0.662301647256	0.742936965195	-1.622429461528
0.270079936967	0.735954055163	0.620828846251	-0.896150552238
-0.957943439802	0.140456956864	0.250232310882	2.053616050369
0.000000000000	0.000000000000	0.000000000000	1.000000000000
1	38	60
-0.324011657876	-0.512919733801	0.794940118649	-1.626234707165
0.150042264998	0.801774239690	0.578485425299	-0.934447741192
-0.934079099581	0.306710637648	-0.182824562023	2.219755168852
0.000000000000	0.000000000000	0.000000000000	1.000000000000
1	39	60
-0.648355876348	-0.301467240527	0.699108117886	-1.682700836471
0.145090890657	0.852508111571	0.502173827627	-0.748927420918
-0.747384299443	0.427021571580	-0.508988493339	2.085940077800
0.000000000000	0.000000000000	0.000000000000	1.000000000000
1	47	60
0.847934843818	-0.348589698027	0.399364148453	-0.395000277396
0.303985253259	0.936947699461	0.172400621446	0.301626638280
-0.434280400710	-0.024783682210	0.900436728846	-0.960014706007
0.000000000000	0.000000000000	0.000000000000	1.000000000000
1	48	60
-0.758243015760	-0.226074430740	0.611520956972	-2.243739206082
0.067655484797	0.905608233820	0.418684203444	-0.824008508466
-0.648452206741	0.358837119878	-0.671375943097	3.919298287929
0.000000000000	0.000000000000	0.000000000000	1.000000000000
1	49	60
-0.150603662452	-0.314151453031	0.937351268957	-2.559301155966
0.094371962205	0.939267164941	0.329956248030	-0.701165573264
-0.984079503702	0.138152297929	-0.111809986009	3.602926340146
0.000000000000	0.000000000000	0.000000000000	1.000000000000
1	50	60
0.107127073840	-0.379528657898	0.918956902082	-2.661083177871
0.121439151861	0.922350172932	0.366773350842	-0.818005327992
-0.986801055150	0.072305990948	0.144898313404	3.514208860493
0.000000000000	0.000000000000	0.000000000000	1.000000000000
1	51	60
0.018999472858	-0.286898347125	0.957772602682	-2.115745036792
0.906962214299	-0.398214660879	-0.137275728720	-0.500717445109
0.420783271846	0.871271727005	0.252640091546	0.548991474671
0.000000000000	0.000000000000	0.000000000000	1.000000000000
2	3	60
0.807443823659	0.085797428071	-0.583672230769	-0.108809905718
-0.176641538784	0.979137758673	-0.100434139199	-0.134160058791
0.562878529002	0.184195686369	0.805754125470	0.047235321196
0.000000000000	0.000000000000	0.000000000000	1.000000000000
2	31	60
0.924934846118	0.206005914402	-0.319463759555	0.521870919896
-0.123751460543	0.957820608631	0.259355465907	0.107529971516
0.359417732521	-0.200352801113	0.911415190040	-1.131851811162
0.000000000000	0.000000000000	0.000000000000	1.000000000000
2	33	60
0.176737355487	-0.389059218875	0.904100011826	-3.333268520184
0.221012166909	0.910790002919	0.348733698774	-0.525958565761
-0.959123312850	0.138182831026	0.246957437540	0.539013961149
0.000000000000	0.000000000000	0.000000000000	1.000000000000
2	35	60
0.847804408235	-0.066874753912	0.526075519927	-2.767030204841
0.132929276854	0.987145053267	-0.088738104357	-0.681733252571
-0.513378508250	0.145163394487	0.845795540405	1.111686475609
0.000000000000	0.000000000000	0.000000000000	1.000000000000
2	37	60
0.344594799130	-0.596945252380	0.724507273996	-2.215292417268
0.347031481406	0.798110911679	0.492532357894	-0.910514864442
-0.872252013655	0.081702743651	0.482183664545	1.635769849034
0.000000000000	0.000000000000	0.000000000000	1.000000000000
2	39	60
-0.419444846819	-0.309979017369	0.853216871181	-2.249878677329
0.346265678292	0.814197408846	0.466028603698	-0.728557718134
-0.839146054340	0.490913014921	-0.234175812728	1.572533884016
0.000000000000	0.000000000000	0.000000000000	1.000000000000
2	48	60
0.193432863576	-0.213623498979	0.957574398140	-2.637881039248
0.283254589019	0.946606385442	0.153958399708	-0.163048161439
-0.939335171858	0.241456728473	0.243614620223	1.008684463906
0.000000000000	0.000000000000	0.000000000000	1.000000000000
2	49	60
-0.900668704066	0.373841983981	-0.221445380465	-0.200720889752
-0.130280847855	-0.718548674519	-0.683165209176	1.417104114239
-0.414515121797	-0.586455431691	0.695878754125	0.753498085302
0.000000000000	0.000000000000	0.000000000000	1.000000000000
2	50	60
0.409021457718	-0.322918278332	0.853478314104	-3.004214770483
0.275524194793	0.935344241371	0.221850328416	-0.666052925489
-0.869935552331	0.144412380543	0.471547663694	1.977419890271
0.000000000000	0.000000000000	0.000000000000	1.000000000000
2	51	60
0.343455132546	-0.404111935570	0.847780700098	-2.509601433150
0.751301518754	0.659880648701	0.010176315036	-0.591885541332
-0.563546448702	0.633443819924	0.530249306604	0.671471620787
0.000000000000	0.000000000000	0.000000000000	1.000000000000
3	24	60
-0.449967214089	-0.636795128412	0.626116179854	-3.277042434475
0.217717372848	0.601726895686	0.768455521529	-1.459829367897
-0.866099677754	0.482096159949	-0.132116012494	3.023628672491
0.000000000000	0.000000000000	0.000000000000	1.000000000000
3	25	60
0.685782932221	-0.207580052478	0.697576011405	-3.276123015506
0.073940754808	0.973376125068	0.216960097544	-0.414235302665
-0.724040423355	-0.097208235049	0.682873358967	2.047277237892
0.000000000000	0.000000000000	0.000000000000	1.000000000000
3	26	60
0.431707800854	-0.491895602861	0.756086695141	-2.112376226351
0.792012074385	-0.194434674163	-0.578715846951	1.915714186470
0.431677250630	0.848665937439	0.305648291210	1.467631182502
0.000000000000	0.000000000000	0.000000000000	1.000000000000
3	29	60
0.918500318922	-0.072934003940	-0.388635813081	0.563539460262
0.224843088407	0.904819996416	0.361588660887	-0.372472709698
0.325273346181	-0.419501376822	0.847476161971	0.741687678892
0.000000000000	0.000000000000	0.000000000000	1.000000000000
3	30	60
0.057882337204	-0.261226272634	0.963540590492	-3.000159556384
0.206831388639	0.947355701201	0.244413485873	-0.515807404013
-0.976662895637	0.185143214535	0.108864954867	2.591646691816
0.000000000000	0.000000000000	0.000000000000	1.000000000000
3	32	60
-0.622633696114	-0.442691421577	0.645253117564	-2.353579846003
-0.036834672193	-0.807095537905	-0.589270735416	1.125823324738
0.781646011560	-0.390667503071	0.486218484486	0.946016140562
0.000000000000	0.000000000000	0.000000000000	1.000000000000
3	33	60
-0.435041448968	-0.413815070923	0.799684953439	-2.239332503024
0.037347678991	0.879076339937	0.475215676758	-0.621367135158
-0.899635530953	0.236604893524	-0.366979612249	2.326077263018
0.000000000000	0.000000000000	0.000000000000	1.000000000000
3	34	60
0.031335150516	-0.405339488473	0.913629031624	-1.451663848902
0.096786899195	0.911012732019	0.400859200023	-0.590601217277
-0.994811743239	0.075866337617	0.067778273290	2.377677084383
0.000000000000	0.000000000000	0.000000000000	1.000000000000
3	35	60
0.334997594021	-0.155135830245	0.929359718395	-1.461606818329
0.104189715940	0.986402403463	0.127101540251	-0.592197268886
-0.936440662879	0.054251014885	0.346605989982	2.541091735683
0.000000000000	0.000000000000	0.000000000000	1.000000000000
3	36	60
0.004134559418	-0.429355472893	0.903126117060	-1.140639205901
0.166667376886	0.890797518243	0.422731317712	-0.411180538823
-0.986004508560	0.148773853176	0.075242605687	2.419593433048
0.000000000000	0.000000000000	0.000000000000	1.000000000000
3	37	60
-0.256848883422	-0.606226374721	0.752674055403	-0.593728977492
0.195147832359	0.730227163931	0.654740874379	-0.682985217870
-0.946544227498	0.315052172900	-0.069254268754	2.538874142837
0.000000000000	0.000000000000	0.000000000000	1.000000000000
3	38	60
-0.635687289336	-0.374586578256	0.674971529450	-0.582000922933
0.131071669700	0.809303873645	0.572579651668	-0.678021307411
-0.760737725881	0.452451252063	-0.465366497427	2.626910607964
0.000000000000	0.000000000000	0.000000000000	1.000000000000
3	40	60
-0.999998850033	0.000797648231	-0.001289841120	-0.540187796346
0.000098270072	0.882802394759	0.469744528601	-0.415716062320
0.001513365722	0.469743861657	-0.882801457950	2.719012662025
0.000000000000	0.000000000000	0.000000000000	1.000000000000
3	41	60
-0.999635330335	0.011669729718	-0.024352079051	-0.371429962192
-0.005283342937	0.799852282572	0.600173651831	-0.475109221506
0.026481930315	0.600083447092	-0.799498945524	3.171230909721
0.000000000000	0.000000000000	0.000000000000	1.000000000000
3	42	60
-0.969785528324	0.156983851499	-0.186740727804	-0.363290891968
0.014770246838	0.801836996247	0.597360252493	-0.510853753579
0.243511537428	0.576553121419	-0.779928605272	3.605291796459
0.000000000000	0.000000000000	0.000000000000	1.000000000000
3	44	60
-0.837414708667	0.101418211481	-0.537076300063	-0.142093473956
-0.096965316163	0.939480205588	0.328594995046	-0.396637633271
0.537898069499	0.327248055286	-0.776900493719	3.861008617251
0.000000000000	0.000000000000	0.000000000000	1.000000000000
3	45	60
-0.765622417687	0.135238631930	-0.628914005226	0.071494291658
-0.072066198950	0.953466278605	0.292760172381	-0.370446721099
0.639240781322	0.269467192804	-0.720249023254	3.663899706754
0.000000000000	0.000000000000	0.000000000000	1.000000000000
3	46	60
-0.651028068373	0.140487618292	-0.745939463561	0.394243918029
0.124858357672	-0.949516395249	-0.287800287826	2.426624938152
-0.748714127494	-0.280502841804	0.600620771394	1.266112604554
0.000000000000	0.000000000000	0.000000000000	1.000000000000
3	48	60
-0.945103352992	-0.055772360313	0.321976856294	-0.563255746221
0.071490858095	0.926166169596	0.370277306223	-0.418714933855
-0.318855311031	0.372968725391	-0.871335538416	4.430420941754
0.000000000000	0.000000000000	0.000000000000	1.000000000000
3	49	60
0.982935527025	0.004088000856	-0.183904969919	0.294472852227
0.006364005503	0.998398819045	0.056207629052	0.317417289201
0.183840281620	-0.056418847726	0.981335653319	0.272780503396
0.000000000000	0.000000000000	0.000000000000	1.000000000000
4	8	60
0.985168007846	-0.067226930307	-0.157875065030	0.913662483046
0.061261777066	0.997222594198	-0.042356726630	-0.133694319079
0.160284094618	0.032056784955	0.986550237723	1.420743919481
0.000000000000	0.000000000000	0.000000000000	1.000000000000
4	24	60
0.094493787203	0.978587070790	-0.182861338351	1.363175686528
-0.973332475569	0.052246894937	-0.223369993447	-0.206669199223
-0.209033050457	0.199091955771	0.957427583144	1.082132117233
0.000000000000	0.000000000000	0.000000000000	1.000000000000
4	25	60
0.969512682328	0.160125392069	-0.185485896015	0.509085897444
-0.131567333007	0.978755753133	0.157248887417	-0.450486222292
0.206724927600	-0.128050905984	0.969983386345	1.052572943509
0.000000000000	0.000000000000	0.000000000000	1.000000000000
4	26	60
0.852806482178	-0.164081138495	0.495780681294	-0.941253433646
0.058019401945	0.973250170980	0.222301267845	-0.512710878866
-0.518994077955	-0.160815063590	0.839513944119	1.877521366468
0.000000000000	0.000000000000	0.000000000000	1.000000000000
4	29	60
-0.665433025986	-0.336399356137	0.666359033193	-0.736496628961
0.218232498234	0.766018900072	0.604640075952	-0.985150534188
-0.713844145904	0.547768671908	-0.436321002743	4.523947978430
0.000000000000	0.000000000000	0.000000000000	1.000000000000
4	30	60
-0.784329774488	0.231890109993	-0.575372732877	1.658353508329
-0.325571141377	0.635630522448	0.699983764694	-1.748610392730
0.528043782989	0.736342865668	-0.423047216545	4.248620278385
0.000000000000	0.000000000000	0.000000000000	1.000000000000
4	31	60
0.613513861334	-0.430420524587	0.662071683405	-0.450477088236
0.182048572602	0.892907997305	0.411793182996	-0.282888410507
-0.768413338748	-0.132111620847	0.626168875362	0.506066963990
0.000000000000	0.000000000000	0.000000000000	1.000000000000
4	32	60
-0.044906426423	-0.650433485554	0.758234590174	-2.521215745016
0.227968154943	0.732301696383	0.641688979028	-0.995389495217
-0.972632475912	0.201669299459	0.115393069367	2.678669611806
0.000000000000	0.000000000000	0.000000000000	1.000000000000
4	42	60
-0.484025282258	0.378972771851	-0.788732631714	2.202935018588
-0.119600866431	0.864243268230	0.488650392478	-0.500988187189
0.866842061095	0.330852250280	-0.372990119978	2.717252796955
0.000000000000	0.000000000000	0.000000000000	1.000000000000
4	44	60
-0.279423670699	0.210760015644	-0.936751102513	2.301852546700
-0.198133240304	0.941957805337	0.271032677091	-0.489025693463
0.939502863934	0.261334476811	-0.221446742784	2.906318837557
0.000000000000	0.000000000000	0.000000000000	1.000000000000
4	45	60
-0.121620875276	0.123911174930	-0.984811851789	2.405230017289
-0.222067347450	0.963630190615	0.148670605474	-0.261498985826
0.967416381861	0.236776004830	-0.089680921289	2.528857921528
0.000000000000	0.000000000000	0.000000000000	1.000000000000
4	47	60
0.019918121108	-0.352150683839	0.935731352645	-1.546751809246
0.478032766129	0.825361251571	0.300438810595	-0.411940813070
-0.878116132957	0.441326070243	0.184779210856	2.202032622100
0.000000000000	0.000000000000	0.000000000000	1.000000000000
5	6	60
0.906259842483	-0.055528853912	0.419058044054	-0.031371471444
0.039645005376	0.998130137322	0.046524214316	0.009009648913
-0.420857899358	-0.025549468728	0.906766702739	-0.085656333916
0.000000000000	0.000000000000	0.000000000000	1.000000000000
5	11	60
0.705745965243	0.245251051108	-0.664661232865	1.962752049298
-0.098463280088	0.963020436658	0.250791987616	-0.169102425238
0.701589349276	-0.111550708240	0.703796010555	1.846363909816
0.000000000000	0.000000000000	0.000000000000	1.000000000000
5	15	60
-0.415135026877	0.362345013538	-0.834487268102	1.370725455932
-0.162181190797	0.873093017155	0.459788913250	-0.364312157004
0.895187226680	0.326212621706	-0.303685947368	4.333987879697
0.000000000000	0.000000000000	0.000000000000	1.000000000000
5	40	60
0.185250851454	-0.960132741283	-0.209349566877	0.148567704714
0.811994658587	0.029568423927	0.582915416448	-1.558337232646
-0.553486039988	-0.277976307305	0.785100233165	0.576179570157
0.000000000000	0.000000000000	0.000000000000	1.000000000000
6	8	60
0.983338200445	0.022444433658	0.180394653310	0.382602234310
-0.019354529922	0.999634581611	-0.018870755664	-0.002151542390
-0.180752277210	0.015064881201	0.983413272047	1.506388934140
0.000000000000	0.000000000000	0.000000000000	1.000000000000
6	9	60
0.307360560100	-0.254350893819	0.916970615074	-1.431681336487
-0.131107571138	-0.965745490094	-0.223934037507	1.785501638877
0.942518058652	-0.051393298953	-0.330179402655	4.593066795584
0.000000000000	0.000000000000	0.000000000000	1.000000000000
6	10	60
0.698599537366	0.235896715869	-0.675508272218	1.314180662376
-0.115530801783	0.968890436960	0.218869721540	-0.305236083790
0.706124153553	-0.074860273911	0.704119747741	2.167308614274
0.000000000000	0.000000000000	0.000000000000	1.000000000000
6	24	60
0.550140855576	0.243184823999	0.798878076056	-0.676185940580
-0.255756526431	0.959752699907	-0.116031694846	0.220645523553
-0.794942537680	-0.140484505897	0.590195277335	1.502955370918
0.000000000000	0.000000000000	0.000000000000	1.000000000000
6	25	60
0.983258847373	0.116489168890	0.140115354598	-0.157912982488
-0.138170505391	0.977956451797	0.156556985883	-0.270385304354
-0.118789521855	-0.173295850845	0.977679700913	1.285980758538
0.000000000000	0.000000000000	0.000000000000	1.000000000000
6	26	60
0.971062210490	-0.016581750238	0.238250349250	-0.378373783747
-0.017911460577	0.989720906676	0.141886244817	-0.095533643267
-0.238154073949	-0.142047782268	0.960783568039	1.434111817902
0.000000000000	0.000000000000	0.000000000000	1.000000000000
6	29	60
0.802112930229	0.058173128974	0.594332174987	-0.437627807845
-0.194869224116	0.966261410947	0.168418737698	0.286335121338
-0.564482801025	-0.250907897007	0.786386924209	1.379650817488
0.000000000000	0.000000000000	0.000000000000	1.000000000000
6	30	60
0.781369958030	0.060883172426	-0.621091159174	2.659622853225
-0.038799450762	0.998043792623	0.049022348253	0.077698447956
0.622860812147	-0.014206594348	0.782203670004	-0.013889396313
0.000000000000	0.000000000000	0.000000000000	1.000000000000
6	31	60
0.869734548517	0.323821502741	-0.372426434989	3.482906452484
-0.228042563181	0.932933333494	0.278625168702	-0.102377477184
0.437673856306	-0.157400856475	0.885249437101	0.796697085876
0.000000000000	0.000000000000	0.000000000000	1.000000000000
6	42	60
-0.934912687119	-0.108021100799	0.338038029290	0.210140178955
0.117489978095	0.804613721311	0.582059158957	-0.626546482906
-0.334864707772	0.583890573019	-0.739552179517	3.852917861569
0.000000000000	0.000000000000	0.000000000000	1.000000000000
6	43	60
-0.153178748251	0.300225121594	-0.941488793055	2.335466595040
-0.145621624954	0.935473542829	0.321999368032	-0.562904159612
0.977410156193	0.186424588053	-0.099575396254	2.923104745749
0.000000000000	0.000000000000	0.000000000000	1.000000000000
6	44	60
-0.151941046995	0.174240715075	-0.972910114784	2.389727328009
-0.168530856945	0.965356739993	0.199207717742	-0.213776877043
0.973915431901	0.194233204578	-0.117312376772	2.701073694283
0.000000000000	0.000000000000	0.000000000000	1.000000000000
6	45	60
-0.058451759266	0.144908455583	-0.987717029993	2.403436661297
-0.183073742411	0.971073071282	0.153300668855	-0.153772246482
0.981359973037	0.189785746915	-0.030231996121	2.440344698580
0.000000000000	0.000000000000	0.000000000000	1.000000000000
6	46	60
-0.740617508277	-0.111967087034	0.662532322121	-0.926967308034
0.131722987112	0.942692484517	0.306561469043	-0.384465717763
-0.658889035498	0.314315527865	-0.683425919792	3.712443728870
0.000000000000	0.000000000000	0.000000000000	1.000000000000
6	47	60
-0.296599371757	0.280096562368	-0.913003137138	2.633382469744
-0.064479577270	0.947967229126	0.311769973888	-0.185736141084
0.952822752031	0.151340834717	-0.263105976669	2.699350137220
0.000000000000	0.000000000000	0.000000000000	1.000000000000
7	9	60
0.939930841944	0.148206798724	-0.307513832494	0.542104667893
-0.122504088667	0.987276489789	0.101379884447	-0.302042347375
0.318626365235	-0.057618378342	0.946127561090	1.555105524161
0.000000000000	0.000000000000	0.000000000000	1.000000000000
7	10	60
0.594083482548	0.280928396048	-0.753753309815	0.844984732023
-0.222546731592	0.957859996654	0.181596197831	-0.357044728026
0.773005671403	0.059862033901	0.631568498958	1.697874099698
0.000000000000	0.000000000000	0.000000000000	1.000000000000
7	24	60
0.954073764298	-0.052196167176	0.294989512374	0.220151741592
0.023420950162	0.994686308708	0.100252712493	-0.240795985103
-0.298654836512	-0.088739548122	0.950226594675	0.519940071564
0.000000000000	0.000000000000	0.000000000000	1.000000000000
7	25	60
0.985066614207	0.133809118212	-0.108346137257	-0.147613703192
-0.137146138730	0.990261887346	-0.023923442510	-0.025353313711
0.104089875620	0.038425438885	0.993825328436	0.591163277428
0.000000000000	0.000000000000	0.000000000000	1.000000000000
7	26	60
0.980661204319	0.178167761997	-0.080992906649	-0.239827489023
-0.170454467762	0.980883121296	0.093880651768	-0.022090806831
0.096171080697	-0.078259510229	0.992283514071	0.651622378200
0.000000000000	0.000000000000	0.000000000000	1.000000000000
7	28	60
0.835695226070	0.217536398570	-0.504273144655	0.258424927009
-0.193204714599	0.975963455720	0.100832888263	-0.048784924341
0.514086984255	0.013162385641	0.857637058565	0.567942538246
0.000000000000	0.000000000000	0.000000000000	1.000000000000
7	29	60
0.992637218829	-0.051600265843	0.109584507845	0.061905410958
0.017912852242	0.957308766364	0.288511794502	-0.138499468032
-0.119793495313	-0.284424574197	0.951184619342	0.525973371715
0.000000000000	0.000000000000	0.000000000000	1.000000000000
7	30	60
-0.513587256015	-0.091740863121	0.853118833746	-1.586041870993
0.233293813916	0.941881028058	0.241731515058	-0.693676017376
-0.825713102020	0.323177571959	-0.462335516844	3.364186175377
0.000000000000	0.000000000000	0.000000000000	1.000000000000
7	31	60
0.497165774035	0.562137063484	-0.660929735286	1.640885423696
-0.291689030419	0.825691899240	0.482856497381	-0.751102555439
0.817155861915	-0.047273770608	0.574474967210	1.868154832101
0.000000000000	0.000000000000	0.000000000000	1.000000000000
7	43	60
-0.145657584373	0.321070129192	-0.935787283658	1.776114286632
-0.248228051017	0.903757987592	0.348718130518	-0.683064109121
0.957688207510	0.283082094107	-0.051940592921	2.205128925305
0.000000000000	0.000000000000	0.000000000000	1.000000000000
7	44	60
-0.142928888795	0.237253828380	-0.960875618208	1.838504132473
-0.212946696707	0.940734211030	0.263956148934	-0.408051105350
0.966553173452	0.242342247901	-0.083935676399	2.116785224484
0.000000000000	0.000000000000	0.000000000000	1.000000000000
7	45	60
-0.033924286634	0.207384634499	-0.977671087918	1.853766222358
-0.235792164549	0.948958341043	0.209475827013	-0.324803494716
0.971211201497	0.237633500036	0.016706937098	1.828052922366
0.000000000000	0.000000000000	0.000000000000	1.000000000000
7	47	60
-0.488584528329	0.280551658144	-0.826181533193	2.025514753241
-0.151729853289	0.905147844795	0.397096248639	-0.424328943804
0.859222445178	0.319371486164	-0.399673170887	2.545670227338
0.000000000000	0.000000000000	0.000000000000	1.000000000000
8	11	60
-0.988043364799	0.067448216203	-0.138639992094	0.772003880453
-0.009375460133	0.871281738313	0.490693624607	-0.906636412123
0.153890902993	0.486126393661	-0.860231782348	4.561127488052
0.000000000000	0.000000000000	0.000000000000	1.000000000000
8	25	60
0.927160190141	0.088578508025	-0.364043719537	0.384067372847
-0.094138155034	0.995556048255	0.002482448233	0.080694073184
0.362645818375	0.031968776933	0.931378552317	-0.368463660189
0.000000000000	0.000000000000	0.000000000000	1.000000000000
8	30	60
-0.507405114464	-0.212707881534	0.835042158786	-1.627797955767
0.285839983448	0.872640198880	0.395972962665	-0.764155855136
-0.812917925549	0.439607143291	-0.381981682661	2.217391667556
0.000000000000	0.000000000000	0.000000000000	1.000000000000
8	44	60
-0.201431595658	0.180452000797	-0.962736925478	1.723040926027
-0.199578965873	0.954703153941	0.220703702360	-0.134097364373
0.958954403844	0.236598738928	-0.156292955969	1.385402695374
0.000000000000	0.000000000000	0.000000000000	1.000000000000
8	45	60
-0.205350975702	0.133182861307	-0.969584087242	1.694708360743
-0.223646732057	0.958097704957	0.178971860906	-0.071341680100
0.952792273278	0.253596358826	-0.166960386833	1.358213775961
0.000000000000	0.000000000000	0.000000000000	1.000000000000
9	11	60
0.572893058821	0.285728554492	-0.768213991218	0.032929141854
-0.279647937036	0.949168490126	0.144486015459	-0.249771797775
0.770448294479	0.132054422493	0.623675440461	0.582038739200
0.000000000000	0.000000000000	0.000000000000	1.000000000000
9	24	60
-0.793573877232	-0.238803413795	0.559654742618	-1.745787474757
0.212457835764	0.753131937913	0.622618624936	-1.152477429381
-0.570177313997	0.612996911619	-0.546930175569	2.282275342218
0.000000000000	0.000000000000	0.000000000000	1.000000000000
9	26	60
-0.437214517639	-0.337574217928	0.833598892127	-1.458946977916
0.328819653251	0.802710008598	0.497528167778	-1.094154146470
-0.837090856002	0.491630236546	-0.239955431928	2.547152138435
0.000000000000	0.000000000000	0.000000000000	1.000000000000
9	28	60
0.488903149400	-0.246788385423	0.836701382410	-2.170763709647
0.321103074892	0.942716898268	0.090430442961	-0.474730499499
-0.811089715014	0.224455658293	0.540141769963	1.241898056796
0.000000000000	0.000000000000	0.000000000000	1.000000000000
9	29	60
-0.609353600863	-0.406779909695	0.680601420938	-1.763980596903
0.289679737109	0.684822769934	0.668657927261	-0.968688292082
-0.738087961576	0.604605556415	-0.299463323511	2.386161619642
0.000000000000	0.000000000000	0.000000000000	1.000000000000
9	30	60
-0.772883879877	-0.127451595371	0.621616118729	-1.372806771729
0.228436078760	0.858055296822	0.459954416782	-0.914600185088
-0.592002927483	0.497490902865	-0.634062564278	2.228349299545
0.000000000000	0.000000000000	0.000000000000	1.000000000000
9	43	60
0.189732133524	0.291032692239	-0.937710877380	1.409345528888
-0.337041667621	0.916329605533	0.216201221808	-0.255521212459
0.922173862021	0.275027318775	0.271947314994	0.253047568573
0.000000000000	0.000000000000	0.000000000000	1.000000000000
9	44	60
0.169894022424	0.195672195658	-0.965840780352	1.399870272951
-0.293793142558	0.945577567112	0.139888005063	0.010751011905
0.940649568400	0.259991262201	0.218135125664	0.278097587953
0.000000000000	0.000000000000	0.000000000000	1.000000000000
9	45	60
0.277802118601	0.120427550504	-0.953059907865	1.352469779187
-0.251770089583	0.966558654313	0.048746176906	0.159932614499
0.927058684708	0.226410187163	0.298832097099	0.044556690010
0.000000000000	0.000000000000	0.000000000000	1.000000000000
10	12	60
0.817533705726	0.236724462200	-0.524976350893	0.027175855002
-0.155621023215	0.968503909069	0.194376632475	-0.440870681101
0.554455351796	-0.077212091764	0.828623892819	1.516185897999
0.000000000000	0.000000000000	0.000000000000	1.000000000000
10	13	60
0.655610364569	0.424142120729	-0.624722747540	0.177302155431
-0.286425018676	0.905195726302	0.313976759907	-0.673205745463
0.698667130003	-0.026910193397	0.714940614978	2.187283318616
0.000000000000	0.000000000000	0.000000000000	1.000000000000
10	15	60
-0.152119377229	0.427158884415	-0.891288383486	0.337299686029
-0.309253292275	0.835931681619	0.453409996453	-1.046721284156
0.938734305482	0.344606313249	0.004938884516	3.262674570421
0.000000000000	0.000000000000	0.000000000000	1.000000000000
10	17	60
-0.130196143232	0.632794209735	-0.763295783045	0.059718587775
-0.292252094672	0.711151873110	0.639415144122	-1.316514455970
0.947437426666	0.306324177138	0.092346202160	2.970923273301
0.000000000000	0.000000000000	0.000000000000	1.000000000000
10	22	60
-0.824327863190	0.344998838759	-0.448842260960	-0.625666314155
-0.292948152452	0.418483347486	0.859681957384	-1.114690798912
0.484422288859	0.840147302044	-0.243900711201	3.327877160832
0.000000000000	0.000000000000	0.000000000000	1.000000000000
10	28	60
-0.676804539539	-0.238152066570	0.696576778574	-0.066774063916
0.246222911607	0.818499071629	0.519069886953	-1.169665447669
-0.693765012854	0.522822018406	-0.495325392051	3.040463972276
0.000000000000	0.000000000000	0.000000000000	1.000000000000
10	29	60
-0.926419389485	-0.154110058449	0.343507211963	-0.432086659347
0.159109901564	0.666647476189	0.728193093702	-1.089937860900
-0.341220096140	0.729267599976	-0.593074711664	3.097022188022
0.000000000000	0.000000000000	0.000000000000	1.000000000000
10	43	60
0.624549347458	0.213633683377	-0.751198217461	1.276949053855
-0.239175904252	0.967963669559	0.076427882602	-0.040431284018
0.743460153213	0.131935528726	0.655637107587	-0.243523805413
0.000000000000	0.000000000000	0.000000000000	1.000000000000
10	44	60
0.606952261759	0.090085889424	-0.789616036104	1.246479306288
-0.172993475951	0.984706869138	-0.020631023972	0.240825325227
0.775681770589	0.149120469415	0.613254332539	-0.214850947241
0.000000000000	0.000000000000	0.000000000000	1.000000000000
10	45	60
0.719775490166	0.043224648796	-0.692859923428	0.959840216440
-0.147911131570	0.984691126298	-0.092226259537	0.357666846253
0.678266570689	0.168863896458	0.715149944808	-0.493006492867
0.000000000000	0.000000000000	0.000000000000	1.000000000000
11	13	60
0.937931791784	0.211983920087	-0.274493664018	0.691273452074
-0.138801215235	0.954746254104	0.263047168628	-0.430528439506
0.317833567470	-0.208620248055	0.924910490529	1.375307100911
0.000000000000	0.000000000000	0.000000000000	1.000000000000
11	18	60
0.550994168356	0.588418515753	-0.591750856998	0.943078659653
-0.283856324423	0.798969115660	0.530164068291	-1.060595788604
0.784749013076	-0.124145086659	0.607253640528	2.348268235732
0.000000000000	0.000000000000	0.000000000000	1.000000000000
11	20	60
0.610694507904	0.453031527500	-0.649472596116	0.596064968026
-0.315904806267	0.891468375336	0.324789607521	-1.255818133036
0.726124212096	0.006824285114	0.687529677716	2.791824326154
0.000000000000	0.000000000000	0.000000000000	1.000000000000
11	21	60
0.001041410713	0.687784411842	-0.725914263733	0.468164908623
-0.369741720488	0.674737183130	0.638765053703	-1.132697140856
0.929133992272	0.267735572029	0.255005270290	2.843099883042
0.000000000000	0.000000000000	0.000000000000	1.000000000000
11	22	60
-0.501400601722	0.615267024872	-0.608312357837	0.522718125750
-0.373842242030	0.479999502152	0.793626143727	-0.944707432253
0.780281625227	0.625337481716	-0.010659235179	2.740313276512
0.000000000000	0.000000000000	0.000000000000	1.000000000000
11	23	60
-0.662048910120	0.264616559026	-0.701191355693	0.632054839330
-0.278327290916	0.781876414716	0.557855887521	-1.025871681698
0.695862888607	0.564488572781	-0.443990418206	2.534973933344
0.000000000000	0.000000000000	0.000000000000	1.000000000000
11	44	60
0.898068467080	-0.015663765520	-0.439576699662	0.569103408617
-0.057627956544	0.986561453824	-0.152890537488	0.673709133272
0.436064269415	0.162638077578	0.885097061718	-1.189292019951
0.000000000000	0.000000000000	0.000000000000	1.000000000000
11	45	60
0.922967185114	-0.075061109885	-0.377488284568	0.426560007422
-0.029429284883	0.964163127184	-0.263672868096	0.954507508347
0.383751863050	0.254470615124	0.887681932701	-1.259347872773
0.000000000000	0.000000000000	0.000000000000	1.000000000000
12	19	60
0.852124295415	0.384150425730	-0.355404889632	0.612976556309
-0.287291432423	0.911001869538	0.295870286705	-1.367729282679
0.437433215497	-0.150013479760	0.886649952276	1.876435751358
0.000000000000	0.000000000000	0.000000000000	1.000000000000
12	20	60
0.694534924025	0.408322364130	-0.592363137155	0.698888291367
-0.361802391288	0.909887194080	0.202988481712	-1.272961220892
0.621868369486	0.073335809810	0.779680440971	1.741945806198
0.000000000000	0.000000000000	0.000000000000	1.000000000000
12	22	60
-0.392256907728	0.661556019395	-0.639122954948	0.578857165507
-0.515039895599	0.417726710434	0.748490682194	-0.946017578880
0.762147245800	0.622774460452	0.176871555452	1.713447235031
0.000000000000	0.000000000000	0.000000000000	1.000000000000
13	19	60
0.959157983252	0.193137956350	-0.206672913031	0.480748920534
-0.170099533712	0.977577179507	0.124133020339	-1.168812828555
0.226013521265	-0.083908211306	0.970503632286	1.275621196300
0.000000000000	0.000000000000	0.000000000000	1.000000000000
13	20	60
0.850465930223	0.310499566642	-0.424614790893	0.490108471347
-0.301328307670	0.949208841478	0.090574975888	-1.156629143074
0.431171604500	0.050917525228	0.900832089292	1.150899970011
0.000000000000	0.000000000000	0.000000000000	1.000000000000
13	21	60
0.404039547381	0.640881642670	-0.652704193522	0.334727171641
-0.525133525691	0.746754246594	0.408157904970	-1.025021366762
0.748990536887	0.177844919193	0.638266684365	1.199505931509
0.000000000000	0.000000000000	0.000000000000	1.000000000000
13	22	60
-0.198123532508	0.713969830752	-0.671560977606	0.375485931280
-0.611911104083	0.445136485730	0.653772368468	-0.851039100795
0.765710040790	0.540463310363	0.348694054416	1.222992597398
0.000000000000	0.000000000000	0.000000000000	1.000000000000
14	19	60
0.996841132748	-0.007743541541	0.079042985937	0.390077265180
-0.013364589031	0.964688862620	0.263052819974	-0.879814571267
-0.078288848640	-0.263278248058	0.961538049314	1.063613444070
0.000000000000	0.000000000000	0.000000000000	1.000000000000
14	22	60
0.199600041368	0.737355760317	-0.645342007166	0.213050524618
-0.517627971571	0.638545741567	0.569491544252	-0.528703235345
0.831998261136	0.220376538348	0.509129722971	0.997420066078
0.000000000000	0.000000000000	0.000000000000	1.000000000000
15	19	60
0.819927369251	-0.328403560515	0.468903199600	0.475518496193
0.184807140246	0.927080823076	0.326140258783	-0.751453935067
-0.541816786440	-0.180754665020	0.820830263213	0.792421608055
0.000000000000	0.000000000000	0.000000000000	1.000000000000
15	22	60
0.630101638953	0.614943849166	-0.474147642578	0.320661960321
-0.427357861467	0.784443670867	0.449458991989	-0.473851542278
0.648334159852	-0.080574124943	0.757080330981	0.883414961410
0.000000000000	0.000000000000	0.000000000000	1.000000000000
15	23	60
0.532792984193	0.329023199199	-0.779663626434	0.110255538592
-0.396320394957	0.911052250981	0.113639520077	-0.518783993551
0.747704340322	0.248450257338	0.615800851812	0.631458868289
0.000000000000	0.000000000000	0.000000000000	1.000000000000
16	22	60
0.425072777322	0.724889825196	-0.542077370222	0.050630424655
-0.541462725722	0.683544176892	0.489474692798	-0.117210105369
0.725349054341	0.085452323336	0.683056842293	0.776019473171
0.000000000000	0.000000000000	0.000000000000	1.000000000000
17	19	60
0.862728703899	-0.252108371741	0.438338399375	0.523777816696
0.243629010827	0.966841312168	0.076568806766	-0.515802955616
-0.443107310425	0.040733843226	0.895542665351	0.643736413816
0.000000000000	0.000000000000	0.000000000000	1.000000000000
17	20	60
0.949198292875	-0.109054557843	0.295177411426	0.421283715450
0.148289816010	0.982361048056	-0.113916204857	-0.415233529570
-0.277547709899	0.151900871212	0.948627110120	0.538518102347
0.000000000000	0.000000000000	0.000000000000	1.000000000000
17	23	60
0.386439000993	0.366328760161	-0.846444409274	0.343848599871
-0.594103563336	0.800850496745	0.075362045452	-0.311335811700
0.705482710308	0.473752806158	0.527117087671	0.616706359293
0.000000000000	0.000000000000	0.000000000000	1.000000000000
18	22	60
0.461223633700	0.680964390203	-0.568823574575	0.070233014021
-0.684754996665	0.680865772433	0.259869956848	-0.192987963682
0.564254689179	0.269646619124	0.780325154365	0.554526618198
0.000000000000	0.000000000000	0.000000000000	1.000000000000
19	21	60
-0.010831401830	0.765765672221	-0.643028472140	0.830891890206
-0.985966069552	0.098958438274	0.134454963417	-1.135542297542
0.166594088813	0.635460591022	0.753947111428	0.237723376796
0.000000000000	0.000000000000	0.000000000000	1.000000000000
20	22	60
-0.433936099443	-0.644239922513	0.629805036373	-1.836522205753
0.896249938092	-0.379942550971	0.228866132121	-0.481235689779
0.091845032910	0.663776001527	0.742270779249	0.450854912753
0.000000000000	0.000000000000	0.000000000000	1.000000000000
21	23	60
0.717644259824	0.230677681725	-0.657095520830	-0.185186518925
-0.443288032064	0.879021174177	-0.175549126964	0.035212238018
0.537105610630	0.417264403589	0.733081155485	-0.137199636487
0.000000000000	0.000000000000	0.000000000000	1.000000000000
22	31	60
0.942778475904	0.118633628994	-0.311600397054	-1.077949797907
-0.220454283748	0.922917974777	-0.315630037562	-0.581870702004
0.250137270613	0.366262848110	0.896260493353	0.179887634841
0.000000000000	0.000000000000	0.000000000000	1.000000000000
22	32	60
0.998106269601	-0.048784505612	0.037469275351	-1.023977357975
0.054658191682	0.982801717212	-0.176389531229	-0.746970472927
-0.028219792081	0.178103499846	0.983607028583	0.051281944559
0.000000000000	0.000000000000	0.000000000000	1.000000000000
22	42	60
0.301896926461	-0.509627822182	0.805690839374	-3.467365190534
0.786816612385	0.610400270397	0.091275015056	-1.648123557383
-0.538310193353	0.606375290358	0.585261602170	0.941945099726
0.000000000000	0.000000000000	0.000000000000	1.000000000000
22	43	60
-0.761239271292	-0.645417610182	0.062856028425	-0.632725251681
0.508392492778	-0.533819251124	0.675702656808	-2.096826328670
-0.402556635928	0.546326931056	0.734489645450	-0.103948933841
0.000000000000	0.000000000000	0.000000000000	1.000000000000
23	24	60
0.859638106813	0.111622840789	-0.498560594843	-0.010861197591
-0.137421430843	0.990395920996	-0.015207564570	-0.045424872903
0.492074867942	0.081585912321	0.866721445016	0.097095997448
0.000000000000	0.000000000000	0.000000000000	1.000000000000
23	30	60
0.817674095090	0.057132570527	-0.572839369810	-0.331696722235
-0.159759989639	0.978498482912	-0.130451004788	-0.101870072250
0.553069453080	0.198183219079	0.809220360437	0.382976179150
0.000000000000	0.000000000000	0.000000000000	1.000000000000
23	43	60
-0.192011014428	-0.273806924655	0.942423226767	-3.066636876063
0.363980705583	0.871935262355	0.327485792401	-0.935805376921
-0.911399921166	0.405904750246	-0.067760736611	2.329427654275
0.000000000000	0.000000000000	0.000000000000	1.000000000000
23	44	60
-0.284235523378	-0.181735947284	0.941372515381	-2.949971553488
0.434275900913	0.850963901505	0.295406296856	-0.879982262822
-0.854759971650	0.492780360608	-0.162950627685	2.662280519134
0.000000000000	0.000000000000	0.000000000000	1.000000000000
23	45	60
-0.340463015592	-0.119065204508	0.932688807743	-2.934413248449
0.434272238292	0.859897886257	0.268296940461	-0.871686475441
-0.833961964398	0.496386041592	-0.241056714592	2.843107723198
0.000000000000	0.000000000000	0.000000000000	1.000000000000
23	46	60
-0.057469809700	-0.195454528059	0.979027450297	-3.044958831741
0.374809968691	0.904690264956	0.202615428496	-0.716365949678
-0.925318706362	0.378593518111	0.021265928178	2.376507944596
0.000000000000	0.000000000000	0.000000000000	1.000000000000
23	47	60
0.153793778332	-0.307148172245	0.939152529695	-3.230961776151
0.498160313096	0.844930025917	0.194755112281	-0.732929441986
-0.853336848028	0.437896393671	0.282954010765	2.287893339772
0.000000000000	0.000000000000	0.000000000000	1.000000000000
24	27	60
0.478597141925	0.218101505017	-0.850515437397	0.165513989765
-0.257820276121	0.960865737099	0.101319990573	-0.123738532374
0.839329185101	0.170788667007	0.516098585795	0.531240243148
0.000000000000	0.000000000000	0.000000000000	1.000000000000
24	32	60
0.693052147922	-0.365362245419	0.621441187791	-0.327652627956
0.122334284954	0.909154674006	0.398085545401	-0.522009708648
-0.710431589236	-0.199870478947	0.674787928657	0.917170760765
0.000000000000	0.000000000000	0.000000000000	1.000000000000
24	42	60
-0.402672220891	-0.358086938228	0.842394697985	-1.120270695834
0.346684643712	0.792077891670	0.502416531717	-1.015470178247
-0.847151013891	0.494354486375	-0.194804521160	3.408968944244
0.000000000000	0.000000000000	0.000000000000	1.000000000000
24	43	60
-0.692325187388	-0.203055906043	0.692426266059	-1.298610389274
0.242771455748	0.838103704525	0.488512231921	-1.186169904025
-0.679520312560	0.506310655115	-0.530944126377	3.472317906567
0.000000000000	0.000000000000	0.000000000000	1.000000000000
24	44	60
-0.695701635594	-0.060575571330	0.715772194480	-1.198725270612
0.345635598855	0.845278935345	0.407479513921	-1.007070086402
-0.629710462860	0.530880515389	-0.567124863980	3.603940067896
0.000000000000	0.000000000000	0.000000000000	1.000000000000
24	45	60
-0.748379900096	-0.045264569055	0.661723993762	-1.035284742417
0.289993902197	0.874928718817	0.387818609247	-1.001026311351
-0.596515768292	0.482131575172	-0.641652618168	3.789760229918
0.000000000000	0.000000000000	0.000000000000	1.000000000000
24	46	60
-0.533881615937	-0.124614896622	0.836326220864	-1.427460997131
0.297150426730	0.898342689707	0.323546033423	-0.846755149119
-0.791626202231	0.421249972569	-0.442579277138	3.482681137304
0.000000000000	0.000000000000	0.000000000000	1.000000000000
24	47	60
-0.284909211756	-0.206057039157	0.936144880705	-1.696318925098
0.407234434918	0.858083706147	0.312813791675	-0.793208614742
-0.867748152446	0.470353962308	-0.160562430437	3.361447626194
0.000000000000	0.000000000000	0.000000000000	1.000000000000
25	31	60
0.672038655181	0.730145838137	-0.123495348061	1.998686131591
-0.524142806791	0.586819351990	0.617185034021	-1.474768238282
0.523104544074	-0.350043001903	0.777065977114	-0.090131511398
0.000000000000	0.000000000000	0.000000000000	1.000000000000
26	30	60
0.849157917602	-0.155299271115	0.504790023044	0.108494062238
0.229097876742	0.969496767789	-0.087121639786	-0.138744461360
-0.475862368596	0.189626352699	0.858834589730	0.300461135698
0.000000000000	0.000000000000	0.000000000000	1.000000000000
27	29	60
0.777022086106	-0.250536245281	0.577467113786	-0.043098828703
0.071862704564	0.946689893143	0.314028657790	-0.025987602579
-0.625357841077	-0.202508854180	0.753603167843	-0.114578938782
0.000000000000	0.000000000000	0.000000000000	1.000000000000
28	30	60
0.694271351166	-0.197904552185	0.691968987147	0.189566705278
0.242159871537	0.969628110170	0.034350030363	-0.208497917041
-0.677750608680	0.143718879042	0.721109559110	0.316130339093
0.000000000000	0.000000000000	0.000000000000	1.000000000000
29	32	60
0.457456465610	-0.480346605934	0.748331958585	-0.071764601836
0.320051829011	0.874090370645	0.365421469938	-0.843488563225
-0.829638721865	0.072340597957	0.553594101368	0.791980297382
0.000000000000	0.000000000000	0.000000000000	1.000000000000
29	42	60
-0.620317463876	-0.300438339726	0.724529535653	-0.170637599526
0.435378675295	0.636464873617	0.636677213155	-1.837039348724
-0.652419844202	0.710386703616	-0.264005829891	3.205774744595
0.000000000000	0.000000000000	0.000000000000	1.000000000000
29	43	60
-0.884232363567	-0.081702785383	0.459845389323	-0.229709917074
0.271598109091	0.711034773053	0.648586169023	-1.996442680576
-0.379957358607	0.698394019426	-0.606529635938	3.358017647100
0.000000000000	0.000000000000	0.000000000000	1.000000000000
29	44	60
-0.878085174063	0.012816636754	0.478332688526	-0.107484351747
0.328905070716	0.742221951467	0.583890425694	-1.840613158839
-0.347545510038	0.670031572825	-0.655949548266	3.508609625155
0.000000000000	0.000000000000	0.000000000000	1.000000000000
29	45	60
-0.918180221888	0.049282334768	0.393085654296	0.144326107903
0.291086154055	0.756979440459	0.585022202689	-1.891882611007
-0.268726498601	0.651577607198	-0.709388955896	3.601801812331
0.000000000000	0.000000000000	0.000000000000	1.000000000000
29	46	60
-0.739185386015	-0.088403959412	0.667674849805	-0.440098399727
0.378702115567	0.765230417920	0.520583437266	-1.755797773366
-0.556946741410	0.637657547160	-0.532168375406	3.324690262034
0.000000000000	0.000000000000	0.000000000000	1.000000000000
29	47	60
-0.520033341673	-0.146385500117	0.841508531688	-0.759155101618
0.526144734412	0.721199670938	0.450602655440	-1.694154191561
-0.672857371215	0.677083687586	-0.298027914811	3.359618097221
0.000000000000	0.000000000000	0.000000000000	1.000000000000
30	33	60
0.717069503238	-0.220130442244	0.661327389364	-0.137925995979
0.072467884107	0.967221360543	0.243374701812	-0.498518313532
-0.693224158046	-0.126591579919	0.709517327903	1.139454451791
0.000000000000	0.000000000000	0.000000000000	1.000000000000
30	34	60
-0.870748787408	-0.219915434551	0.439811039963	-0.222694853559
0.140397535666	0.745999271119	0.650978970067	-1.430411036902
-0.471259038328	0.628587534983	-0.618702375668	4.330296793440
0.000000000000	0.000000000000	0.000000000000	1.000000000000
30	36	60
0.532941555045	0.438909963652	-0.723416437962	2.732649472592
-0.169547032559	0.893001848203	0.416895074158	-0.894656172383
0.828991617965	-0.099527598751	0.550333675537	2.745959130104
0.000000000000	0.000000000000	0.000000000000	1.000000000000
30	41	60
-0.335930427528	-0.422454569332	0.841833050380	-0.384517917786
0.209409442445	0.837904572829	0.504047232160	-0.700898458077
-0.918312818856	0.345612591905	-0.193011665556	3.211619098310
0.000000000000	0.000000000000	0.000000000000	1.000000000000
30	42	60
-0.450117932430	-0.348004334556	0.822366603186	-0.770760244450
0.241959831916	0.838951726484	0.487458142171	-0.585247860792
-0.859563427936	0.418393336180	-0.293424146238	3.133195461917
0.000000000000	0.000000000000	0.000000000000	1.000000000000
30	46	60
-0.549819001260	-0.104502851257	0.828720833533	-1.127278075631
0.190594588703	0.950273132069	0.246281702984	-0.346634385360
-0.813248282267	0.293360066380	-0.502560546445	3.192774617354
0.000000000000	0.000000000000	0.000000000000	1.000000000000
30	48	60
0.895733959713	-0.050585285547	0.441703296686	0.754724223593
0.034675386886	0.998428485511	0.044024730138	-0.180939638767
-0.443236157101	-0.024118213151	0.896080365164	1.507441982741
0.000000000000	0.000000000000	0.000000000000	1.000000000000
31	35	60
0.851237813472	0.068095208207	-0.520343374642	-0.389014859775
-0.240453435367	0.931945997692	-0.271401552696	-0.836380865980
0.466450780185	0.356145616293	0.809681400095	1.010227461136
0.000000000000	0.000000000000	0.000000000000	1.000000000000
31	37	60
0.995227200245	-0.096622980725	-0.013668192552	-0.615023920894
0.097514481919	0.979383724862	0.176913666209	-1.321063488205
-0.003707520426	-0.177402139422	0.984131462367	1.706010549704
0.000000000000	0.000000000000	0.000000000000	1.000000000000
31	38	60
0.907045909410	-0.260631942764	0.330664041943	-0.640829644869
0.256522091392	0.964865170332	0.056847336855	-1.304355231273
-0.333862448998	0.033259487232	0.942034856923	1.696128919020
0.000000000000	0.000000000000	0.000000000000	1.000000000000
31	41	60
0.203404644550	-0.482943930029	0.851699307868	-1.258470899571
0.508032743426	0.795677641391	0.329848181134	-1.065328762555
-0.836976273369	0.365598483911	0.407195857517	1.911881092791
0.000000000000	0.000000000000	0.000000000000	1.000000000000
31	42	60
-0.071397304455	-0.462035750600	0.883982686530	-1.755020669458
0.531597132319	0.732262535332	0.425671314818	-1.041204623059
-0.843982768679	0.500314445640	0.193335308871	1.942315597231
0.000000000000	0.000000000000	0.000000000000	1.000000000000
31	46	60
-0.162784854070	-0.191082403167	0.967981718053	-2.016998789161
0.472118396624	0.846377666959	0.246473252994	-0.717185411770
-0.866374809684	0.497124089209	-0.047563947198	1.815987677038
0.000000000000	0.000000000000	0.000000000000	1.000000000000
31	49	60
0.916043091522	-0.088367001877	0.391224139662	-2.396436407250
0.174388622774	0.966152583682	-0.190099430011	-0.647926635256
-0.361183696645	0.242364308476	0.900447599394	1.487277806643
0.000000000000	0.000000000000	0.000000000000	1.000000000000
32	34	60
0.802877652109	0.237418306515	-0.546827233663	-0.812708187740
-0.406231911665	0.889224282049	-0.210370649470	-0.593254601962
0.436306210921	0.391040565601	0.810385196290	0.810164144286
0.000000000000	0.000000000000	0.000000000000	1.000000000000
32	36	60
0.807433033509	0.242205497129	-0.537948318669	-1.035246215324
-0.346593641275	0.932636476482	-0.100309773021	-0.794192868114
0.477414646011	0.267442890907	0.836988384554	1.098958497813
0.000000000000	0.000000000000	0.000000000000	1.000000000000
32	37	60
0.892881295872	0.124951742763	-0.432608429717	-1.252838323572
-0.131987884295	0.991154394898	0.013862318459	-1.115936296625
0.430513867234	0.044721666497	0.901475336692	1.193089070953
0.000000000000	0.000000000000	0.000000000000	1.000000000000
32	38	60
0.995384496783	-0.088977343810	0.035954636034	-1.526020409171
0.093703000706	0.982014007051	-0.163915336728	-1.114670132142
-0.020723204932	0.166527842250	0.985818962352	1.186636447557
0.000000000000	0.000000000000	0.000000000000	1.000000000000
32	39	60
0.918567231080	-0.248165652636	0.307649233441	-1.252559732077
0.325569996298	0.916394409191	-0.232863617412	-0.952175429352
-0.224139285927	0.314062248058	0.922565165638	1.246728103144
0.000000000000	0.000000000000	0.000000000000	1.000000000000
32	40	60
0.575042294124	-0.371719052346	0.728801280248	-1.586958068663
0.562915125471	0.826201360127	-0.022756846021	-0.945428709932
-0.593677455766	0.423339413057	0.684347002527	1.331362465312
0.000000000000	0.000000000000	0.000000000000	1.000000000000
32	41	60
0.554769056525	-0.442755539969	0.704413817119	-2.069564972959
0.546817542600	0.832139236563	0.092384338911	-0.849413506659
-0.627074053862	0.333933859916	0.703751595504	1.232464864389
0.000000000000	0.000000000000	0.000000000000	1.000000000000
32	43	60
-0.025727457334	-0.370298877692	0.928556319842	-2.610700325204
0.618529480045	0.723819155614	0.305789326631	-0.785268004657
-0.785340295830	0.582206639558	0.210418745836	0.973794614613
0.000000000000	0.000000000000	0.000000000000	1.000000000000
32	44	60
-0.017950793368	-0.248557812597	0.968450712641	-2.648827570461
0.662542002644	0.722461884064	0.197704124407	-0.582429869951
-0.748809631181	0.645188220500	0.151711226934	1.243856945707
0.000000000000	0.000000000000	0.000000000000	1.000000000000
32	45	60
-0.141395024688	-0.145295861564	0.979232638144	-2.686818407652
0.656995983531	0.726157635722	0.202611366183	-0.679389449943
-0.740515850349	0.672000149326	-0.007216279359	1.609062086140
0.000000000000	0.000000000000	0.000000000000	1.000000000000
32	46	60
0.200828566904	-0.274663670815	0.940333852762	-2.639712478512
0.635208914239	0.767259202327	0.088447451723	-0.421359025270
-0.745773103555	0.579545670659	0.328556378167	0.942104547757
0.000000000000	0.000000000000	0.000000000000	1.000000000000
32	47	60
0.438934894655	-0.351112124645	0.827077042470	-2.810495520497
0.642117366987	0.766451640363	-0.015400324632	-0.250397818323
-0.628507315207	0.537840272676	0.561877563015	0.799867671944
0.000000000000	0.000000000000	0.000000000000	1.000000000000
32	48	60
-0.585465818251	-0.260501288947	0.767703623878	-2.963968686328
0.497405128479	0.632350314578	0.593903374140	-1.942275286728
-0.640170222536	0.729569844572	-0.240644817248	2.781578547179
0.000000000000	0.000000000000	0.000000000000	1.000000000000
33	35	60
0.601163509955	0.019091481492	-0.798897959462	-0.218037650704
-0.278637537769	0.941982870164	-0.187161413930	-0.232137334593
0.748975004152	0.335117572879	0.571605331941	0.672966664336
0.000000000000	0.000000000000	0.000000000000	1.000000000000
33	46	60
-0.036123872840	-0.252526418454	0.966915442939	-2.348071736404
0.400084971323	0.882970687560	0.245549955472	-0.140510177802
-0.915765844271	0.395718552627	0.069135704047	1.162963921453
0.000000000000	0.000000000000	0.000000000000	1.000000000000
33	49	60
0.864964022806	0.031915099481	-0.500817996558	-0.498789323605
-0.131928035333	0.977333614509	-0.165571735039	0.307501827933
0.484182024392	0.209285528347	0.849568911201	0.415015472899
0.000000000000	0.000000000000	0.000000000000	1.000000000000
34	38	60
0.769687498714	-0.349668777307	0.534146890378	-0.270683253871
0.273469420278	0.936602179829	0.219068101084	-0.445399847992
-0.576884416930	-0.022541138316	0.816514706902	0.807204148407
0.000000000000	0.000000000000	0.000000000000	1.000000000000
34	41	60
-0.031332911530	-0.501158270235	0.864788203452	-0.795128212914
0.379948064390	0.794290367945	0.474069910198	-0.274039234096
-0.924476996480	0.343428594564	0.165526684900	1.095809597502
0.000000000000	0.000000000000	0.000000000000	1.000000000000
34	47	60
-0.217531952323	-0.346977882087	0.912297209829	-1.779639914300
0.445270721906	0.796474799882	0.409098860137	-0.133527622287
-0.868569993686	0.495211310952	-0.018759626153	1.120517906825
0.000000000000	0.000000000000	0.000000000000	1.000000000000
34	51	60
0.951767456061	-0.240929650315	0.189977928145	-1.816264381095
0.276820182882	0.941331695367	-0.193042030776	-0.186877214243
-0.132322696212	0.236320847357	0.962623062871	0.756982045357
0.000000000000	0.000000000000	0.000000000000	1.000000000000
34	55	60
0.949685992513	0.028453858193	-0.311908469872	-0.384338483553
-0.040617297526	0.998643842594	-0.032568555244	-0.209365237836
0.310558771838	0.043598779834	0.949553787645	1.170491727547
0.000000000000	0.000000000000	0.000000000000	1.000000000000
35	36	60
0.949740769510	-0.171345022292	0.261979682546	0.258385972848
0.092719293195	0.953318980886	0.287377892941	0.104861444369
-0.298990975449	-0.248643930185	0.921292891855	0.277737851646
0.000000000000	0.000000000000	0.000000000000	1.000000000000
35	37	60
0.810937211491	-0.420971251693	0.406403794601	0.218550489298
0.185012521853	0.843388655414	0.504446174211	-0.196935254585
-0.555113687253	-0.333884382932	0.761820197329	0.790890352944
0.000000000000	0.000000000000	0.000000000000	1.000000000000
35	48	60
0.039722434385	-0.280028692597	0.959169463405	-1.410750565526
0.207141675885	0.941381679446	0.266257130826	0.138952593924
-0.977504196573	0.188107588699	0.095399584673	1.437894988341
0.000000000000	0.000000000000	0.000000000000	1.000000000000
35	51	60
0.836338462875	-0.183797572503	0.516484683082	-1.469188387458
0.109153839315	0.979088893682	0.171669384664	-0.170980187899
-0.537236833137	-0.087197423187	0.838911911056	1.333633280323
0.000000000000	0.000000000000	0.000000000000	1.000000000000
35	52	60
0.874840768462	-0.482042948891	-0.047835397576	-0.717150967282
0.318958475711	0.498898639213	0.805832264534	-0.491968203176
-0.364580746351	-0.720232423052	0.590208553119	2.069865249120
0.000000000000	0.000000000000	0.000000000000	1.000000000000
35	53	60
0.983720064085	0.041071522800	-0.174951323320	-0.454091087378
-0.000627948070	0.974312694916	0.225198530651	0.010257788293
0.179706541889	-0.221422452658	0.958476737465	1.507421080498
0.000000000000	0.000000000000	0.000000000000	1.000000000000
35	56	60
0.789481817429	0.325155326243	-0.520569374593	-0.019600606996
-0.098995229328	0.904497998791	0.414829259761	0.265896088698
0.605737900844	-0.275966273300	0.746273550035	1.151599189402
0.000000000000	0.000000000000	0.000000000000	1.000000000000
35	57	60
0.592270144248	0.096364352459	-0.799956241183	0.067551803236
-0.153046272968	0.988202418421	0.005728748332	0.152115822222
0.791070739292	0.119037354649	0.600030993895	0.955502096857
0.000000000000	0.000000000000	0.000000000000	1.000000000000
35	58	60
0.600147887791	0.110314627122	-0.792245666333	0.035924838697
-0.104813246002	0.992750059728	0.058834533838	0.096770861183
0.792992242234	0.047728418707	0.607359285600	0.947062129341
0.000000000000	0.000000000000	0.000000000000	1.000000000000
36	38	60
0.757140022775	-0.308743801982	0.575687632880	-0.295497372382
0.281988447645	0.949397915735	0.138297190835	-0.430070025112
-0.589255039272	0.057626923705	0.805889344983	0.432991016637
0.000000000000	0.000000000000	0.000000000000	1.000000000000
36	41	60
-0.022228970287	-0.444209377107	0.895647197378	-0.790594536084
0.461689382305	0.790058402970	0.403299682821	-0.208891710143
-0.886763095278	0.422475737987	0.187524568166	0.720638160242
0.000000000000	0.000000000000	0.000000000000	1.000000000000
36	47	60
-0.166108194725	-0.264000596606	0.950111442220	-1.823385844305
0.523264919200	0.793061562766	0.311844804347	0.039431121830
-0.835824079565	0.548959964528	0.006408226355	0.752929932692
0.000000000000	0.000000000000	0.000000000000	1.000000000000
36	50	60
0.942899879687	-0.047895537134	0.329614675658	-1.939211942591
0.089204906192	0.989768403243	-0.111359744314	0.147671540154
-0.320908556442	0.134404335737	0.937525025232	0.311608103313
0.000000000000	0.000000000000	0.000000000000	1.000000000000
36	51	60
0.983830719016	-0.086432534850	0.156864697239	-1.681743785963
0.116472840230	0.974109551801	-0.193764440954	-0.125135556514
-0.136055848125	0.208901886083	0.968425943571	0.317348921854
0.000000000000	0.000000000000	0.000000000000	1.000000000000
36	55	60
0.962986484837	0.062792717476	-0.262133753366	-0.409433608251
-0.090236424879	0.991474899646	-0.093994207248	-0.212541376254
0.253996885112	0.114169163976	0.960443118748	0.829056271662
0.000000000000	0.000000000000	0.000000000000	1.000000000000
37	39	60
0.716268602466	-0.218374322339	0.662775938356	0.045380429700
0.430494704238	0.885782572817	-0.173388417479	0.206869085020
-0.549211797710	0.409514211031	0.728467234829	0.015897336314
0.000000000000	0.000000000000	0.000000000000	1.000000000000
37	41	60
0.254524474521	-0.402149609493	0.879484498701	-0.629716664328
0.598831694771	0.779641581934	0.183192808423	0.227565238286
-0.759353602222	0.480036139582	0.439257796160	0.256473400767
0.000000000000	0.000000000000	0.000000000000	1.000000000000
37	47	60
0.129419969545	-0.254677594306	0.958326559395	-1.543435015985
0.665147431677	0.739066428102	0.106581935552	0.666595671741
-0.735411018150	0.623634618836	0.265048102375	0.130372872033
0.000000000000	0.000000000000	0.000000000000	1.000000000000
37	48	60
0.611750003570	-0.148488639165	0.776989740712	-1.652694186203
0.488949223275	0.843103274624	-0.223842635297	0.786448746858
-0.621844506441	0.516844263156	0.588371836046	0.014372933567
0.000000000000	0.000000000000	0.000000000000	1.000000000000
37	50	60
0.993264546676	0.051247251395	0.103919485861	-1.625209306999
-0.014496818616	0.944789750683	-0.327356333763	0.843830388113
-0.114958177470	0.323644938519	0.939169085524	-0.277677081204
0.000000000000	0.000000000000	0.000000000000	1.000000000000
37	51	60
0.992496988774	0.024620634650	-0.119764567483	-1.300449022116
-0.068363187617	0.923845787926	-0.376610454860	0.563033919144
0.101371602797	0.381972229986	0.918597307674	-0.308643298522
0.000000000000	0.000000000000	0.000000000000	1.000000000000
37	55	60
0.830155351892	0.264663643468	-0.490708923448	-0.232031685747
-0.383095588787	0.910240375033	-0.157163066626	0.089850089752
0.405067724679	0.318458184831	0.857032393167	0.438987338173
0.000000000000	0.000000000000	0.000000000000	1.000000000000
38	40	60
0.662394441975	-0.272117775800	0.697986761575	-0.016898523345
0.401287486798	0.915641547376	-0.023851827146	0.267747522393
-0.632615172264	0.295892671103	0.715713330188	0.106480896887
0.000000000000	0.000000000000	0.000000000000	1.000000000000
38	41	60
0.630784709824	-0.319248957984	0.707241650837	-0.521787605902
0.359538714336	0.927948068353	0.098205373241	0.384384963961
-0.687635486829	0.192334306004	0.700117812934	-0.015936089361
0.000000000000	0.000000000000	0.000000000000	1.000000000000
38	48	60
0.881357884989	-0.129736810424	0.454286956217	-1.235123272857
0.247626710804	0.945750099245	-0.210327748705	0.995817633067
-0.402354682668	0.297867604482	0.865670606834	-0.735079358990
0.000000000000	0.000000000000	0.000000000000	1.000000000000
39	41	60
0.870050243013	-0.180127697936	0.458875350252	-0.600020063903
0.136840988602	0.982518449152	0.126222188677	0.293391479871
-0.473589609759	-0.047026689359	0.879489267710	-0.313474452763
0.000000000000	0.000000000000	0.000000000000	1.000000000000
39	42	60
0.768349789635	-0.258023737505	0.585715247926	-0.739417116709
0.216333909191	0.965974635066	0.141748524305	0.466223911372
-0.602360556895	0.017797620425	0.798025691444	-0.647754874898
0.000000000000	0.000000000000	0.000000000000	1.000000000000
39	46	60
0.640028541934	-0.066885472063	0.765434385912	-0.894253543497
0.210777431969	0.973270693303	-0.091197761655	0.745460205853
-0.738875050115	0.219705464623	0.637018970779	-0.836232106185
0.000000000000	0.000000000000	0.000000000000	1.000000000000
39	47	60
0.813148922579	-0.181928730886	0.552893087845	-0.931529565500
0.235559197670	0.971491161042	-0.026772904419	0.852542708696
-0.532259987319	0.152009410553	0.832821976777	-1.164647613615
0.000000000000	0.000000000000	0.000000000000	1.000000000000
40	42	60
0.958928898060	-0.132360350857	0.250870695751	-0.275837045144
0.109062425187	0.988509716355	0.104661015111	0.434313063697
-0.261841088980	-0.073001905403	0.962346073889	-0.844855781527
0.000000000000	0.000000000000	0.000000000000	1.000000000000
40	43	60
0.826462710796	-0.158337051501	0.540267309566	-0.239817091428
0.191061000337	0.981567377099	-0.004601995869	0.421012335385
-0.529580099525	0.107027390596	0.841480870756	-1.116894896865
0.000000000000	0.000000000000	0.000000000000	1.000000000000
40	44	60
0.807999307032	-0.354229449474	0.470806347623	-0.161967995632
0.427659380124	0.902259035403	-0.055100704404	0.583947940964
-0.405270988881	0.245866081758	0.880514222152	-1.069192243410
0.000000000000	0.000000000000	0.000000000000	1.000000000000
40	45	60
0.973239333882	-0.039278150689	0.226412070931	-2.178009946537
0.083957914085	0.977945805184	-0.191240871118	0.774058157417
-0.213907147257	0.205132223217	0.955073035611	-1.798131248030
0.000000000000	0.000000000000	0.000000000000	1.000000000000
40	46	60
0.894453080758	-0.055288437011	0.443730633443	-0.296974037327
0.136964193379	0.978505896141	-0.154165563433	0.742182758580
-0.425669468079	0.198669071447	0.882800149522	-1.031730898137
0.000000000000	0.000000000000	0.000000000000	1.000000000000
40	47	60
0.985688164215	-0.091173656447	0.141796358545	-0.083062106949
0.101855614263	0.992334646015	-0.069981312944	0.811749120060
-0.134328987079	0.083422507085	0.987419064299	-1.351630275426
0.000000000000	0.000000000000	0.000000000000	1.000000000000
40	48	60
0.420996181993	0.254901417448	-0.870509897778	1.105471904145
-0.293535398560	0.946346629581	0.135148164891	-0.080001927899
0.858253566575	0.198628608372	0.473230907060	0.731885351495
0.000000000000	0.000000000000	0.000000000000	1.000000000000
41	43	60
0.834133960807	-0.179226608727	0.521630480467	-0.070145163386
0.263027906918	0.960526857718	-0.090578561394	0.224828898215
-0.484805997911	0.212758027642	0.848349672047	-0.611252579325
0.000000000000	0.000000000000	0.000000000000	1.000000000000
41	44	60
0.837845140619	-0.170220759527	0.518691057728	-0.189802655238
0.319964134169	0.922956252500	-0.213950248461	0.516585733838
-0.442310381052	0.345219711194	0.827758949101	-0.436955016711
0.000000000000	0.000000000000	0.000000000000	1.000000000000
41	45	60
0.739519056092	-0.108292763126	0.664367551233	-0.541193551536
0.337559205126	0.913565334779	-0.226830690438	0.447738194636
-0.582379042129	0.392009000591	0.712154193096	-0.176800789029
0.000000000000	0.000000000000	0.000000000000	1.000000000000
43	48	60
0.244838376403	-0.717105870053	-0.652543746101	1.806830700025
0.967179673226	0.133471153924	0.216215010510	0.739626891734
-0.067953286452	-0.684064779247	0.726249081689	1.084589442925
0.000000000000	0.000000000000	0.000000000000	1.000000000000
44	48	60
-0.000803505019	0.805833911059	0.592141082992	-0.357953715822
-0.797100260992	-0.358078634395	0.486221004808	-0.947261355309
0.603846444310	-0.471605130779	0.642618138801	1.566406028615
0.000000000000	0.000000000000	0.000000000000	1.000000000000
46	48	60
0.724968262180	0.161665324437	-0.669541142654	0.329146048743
-0.118744045224	0.986845642433	0.109706561947	0.018640365731
0.678469505988	-0.000029751842	0.734628565031	-0.351851693607
0.000000000000	0.000000000000	0.000000000000	1.000000000000
47	49	60
0.496096918563	0.307260333210	-0.812083083821	0.216779012571
-0.316736746890	0.934881921069	0.160229918643	0.047425411441
0.808434091662	0.177726985273	0.561112678652	-0.234713487863
0.000000000000	0.000000000000	0.000000000000	1.000000000000
48	50	60
0.665264837026	0.310639001507	-0.678915390427	0.239028922430
-0.274740170948	0.947383833250	0.164261106063	0.018395093033
0.694219371009	0.077248192470	0.715606163805	-0.176794783265
0.000000000000	0.000000000000	0.000000000000	1.000000000000
48	51	60
0.580261835262	0.247364473434	-0.775955552736	0.071757112196
-0.216790704534	0.965297988047	0.145607639563	-0.254145018415
0.785046490959	0.083729394804	0.613751900591	-0.121731148152
0.000000000000	0.000000000000	0.000000000000	1.000000000000
49	52	60
0.781475491758	0.231391391103	-0.579442904784	-0.038273778726
-0.172694946288	0.972624287701	0.155494213724	-0.341983080368
0.599560264951	-0.021448055817	0.800042167385	0.535939840335
0.000000000000	0.000000000000	0.000000000000	1.000000000000
49	53	60
0.417008182073	0.354869565595	-0.836762670952	0.474120239616
-0.306319346631	0.921642292960	0.238209869039	-0.354057382648
0.855729299465	0.156981130211	0.493035790581	0.851576535624
0.000000000000	0.000000000000	0.000000000000	1.000000000000
49	54	60
0.260705342056	0.243364148147	-0.934241197989	0.911562382129
-0.240120851183	0.953641509593	0.181410716356	-0.473041908187
0.935080050825	0.177036048811	0.307056242357	1.078221803218
0.000000000000	0.000000000000	0.000000000000	1.000000000000
49	55	60
0.573806255054	0.272482212440	-0.772334011658	1.051812622056
-0.201286796777	0.961025838605	0.189507158115	-0.464186939953
0.793870270954	0.046720246544	0.606289709181	1.203784066203
0.000000000000	0.000000000000	0.000000000000	1.000000000000
49	56	60
-0.129862931080	0.564666480000	-0.815038272412	1.037660769566
-0.300932359657	0.760780174471	0.575024556905	-0.306981434079
0.944762051546	0.319945764931	0.071129272881	1.167458479880
0.000000000000	0.000000000000	0.000000000000	1.000000000000
50	52	60
0.902672314360	0.120549129387	-0.413098777888	0.119814392280
-0.106412458456	0.992678009870	0.057155554468	-0.365794483096
0.416964125044	-0.007633880090	0.908890885806	0.671734790573
0.000000000000	0.000000000000	0.000000000000	1.000000000000
50	53	60
0.672597414249	0.272203524489	-0.688126412516	0.656056616316
-0.228581253208	0.960837657908	0.156657606989	-0.367776196579
0.703820523306	0.051925296356	0.708477546977	0.841653139269
0.000000000000	0.000000000000	0.000000000000	1.000000000000
50	54	60
0.495960284680	0.155528616743	-0.854303368478	1.179925549625
-0.242985224908	0.969383259263	0.035415775245	-0.367278536252
0.833655550270	0.190018278157	0.518566753148	0.964714014636
0.000000000000	0.000000000000	0.000000000000	1.000000000000
50	55	60
0.775970396830	0.145526336927	-0.613752416292	1.327656837449
-0.134444161359	0.988821057716	0.064480099978	-0.357140264266
0.616274866208	0.032480780123	0.786861034874	1.025971740617
0.000000000000	0.000000000000	0.000000000000	1.000000000000
50	56	60
0.182807255561	0.530440232636	-0.827776942730	1.273885607557
-0.360047302212	0.819593093852	0.445682735452	-0.195361879567
0.914848319386	0.216564817345	0.340811138909	0.955661213114
0.000000000000	0.000000000000	0.000000000000	1.000000000000
50	57	60
-0.088998174740	0.054073292312	-0.994562921062	1.485235609560
-0.342734442277	0.935885826113	0.081552575420	-0.247887253937
0.935207157249	0.348128998417	-0.064759350606	0.877934409049
0.000000000000	0.000000000000	0.000000000000	1.000000000000
50	58	60
-0.008718194507	0.129496074168	-0.991541607730	1.384755778917
-0.320712594234	0.938834465088	0.125432368476	-0.276247247878
0.947136434197	0.319093425092	0.033346080413	0.739859983031
0.000000000000	0.000000000000	0.000000000000	1.000000000000
51	52	60
0.951920346091	0.153635633467	-0.265035369011	0.180856399766
-0.126530473408	0.985088425206	0.116579731622	-0.049529623155
0.278994075200	-0.077439567762	0.957165304087	0.554979551022
0.000000000000	0.000000000000	0.000000000000	1.000000000000
51	53	60
0.743165393729	0.294965213695	-0.600583649689	0.743179592260
-0.210455809991	0.955077937575	0.208649191704	-0.047097705479
0.635148446904	-0.028664540241	0.771858014487	0.669014165257
0.000000000000	0.000000000000	0.000000000000	1.000000000000
51	54	60
0.629536075277	0.215925153622	-0.746364962976	1.244466452728
-0.230421940304	0.969277733631	0.086060470100	-0.066451919197
0.742017560002	0.117800692360	0.659949193141	0.650587217973
0.000000000000	0.000000000000	0.000000000000	1.000000000000
51	57	60
0.044287026112	0.143147105014	-0.988710051352	1.529486363418
-0.247363898578	0.960434259134	0.127973182980	-0.016316660478
0.967909996332	0.238903621169	0.077944203080	0.542755751496
0.000000000000	0.000000000000	0.000000000000	1.000000000000
51	58	60
0.034357179188	0.192594732118	-0.980676732363	1.516430101306
-0.294905233506	0.939517085000	0.174179649336	-0.006396304680
0.954908627822	0.283222379328	0.089076351287	0.537894105328
0.000000000000	0.000000000000	0.000000000000	1.000000000000
52	57	60
0.411888193707	0.100313145775	-0.905696079637	1.189601856399
-0.341063414380	0.938647963752	-0.051144379126	0.278957176943
0.844999327370	0.329965563248	0.420831158321	-0.468029922567
0.000000000000	0.000000000000	0.000000000000	1.000000000000
52	58	60
0.363089663197	0.151415471557	-0.919368941967	1.235235329236
-0.325105508095	0.945283951185	0.027288463468	0.197887034828
0.873196601623	0.288983747995	0.392448835275	-0.409437362325
0.000000000000	0.000000000000	0.000000000000	1.000000000000
53	57	60
0.669121189498	0.119223876396	-0.733527437157	0.561188695188
-0.344568874095	0.924310263292	-0.164081772841	0.304479074557
0.658444473566	0.362541314157	0.659556419694	-0.517488616736
0.000000000000	0.000000000000	0.000000000000	1.000000000000
54	56	60
0.931829652108	0.227581982039	-0.282665775969	0.066245562721
-0.111408567724	0.920705425326	0.374018249305	0.169992088600
0.345371727984	-0.317029905887	0.883295198834	-0.055001699156
0.000000000000	0.000000000000	0.000000000000	1.000000000000
54	57	60
0.819554505540	0.103195031208	-0.563632147755	0.043503425324
-0.174364465051	0.981914849974	-0.073758123127	0.120406044750
0.545827303986	0.158726220058	0.822726285766	-0.299930951368
0.000000000000	0.000000000000	0.000000000000	1.000000000000
54	58	60
0.795231864811	0.123048692846	-0.593687881280	0.087879184850
-0.170882634769	0.984980616943	-0.024744885960	0.099523384655
0.581726229703	0.121128871190	0.804314857652	-0.261664265273
0.000000000000	0.000000000000	0.000000000000	1.000000000000
55	56	60
0.728992661262	0.443523243318	-0.521398918739	-0.068378287061
-0.278505918696	0.887979775357	0.365959522090	0.088533824512
0.625303248894	-0.121569121052	0.770854587928	0.040938395322
0.000000000000	0.000000000000	0.000000000000	1.000000000000
55	58	60
0.521665923316	0.178292099098	-0.834312047048	0.018955962758
-0.319133452633	0.947705097392	0.002981239358	0.069262188826
0.791213311226	0.264701673165	0.551284427825	-0.174601252927
0.000000000000	0.000000000000	0.000000000000	1.000000000000
57	59	60
0.931951848065	0.214379950104	-0.292415782544	0.221470744887
-0.075629539880	0.903678410530	0.421480133624	0.042141116303
0.354606719600	-0.370683918367	0.858398221736	0.455954601657
0.000000000000	0.000000000000	0.000000000000	1.000000000000
